2023-12-10 15:13:21,915 [INFO] Activator:176 - 


2023-12-10 15:13:21,920 [INFO] Activator:177 - !SESSION log4j initialized
2023-12-10 15:13:23,125 [ERROR] LogOutputStream:75 - [STDERR_REDIRECT] Managed Build system manifest file error: Option de.innot.avreclipse.toolchain.options.toolchain.objcopy.flash.app.debug.1245231858 uses a null category that is invalid in its context. The option was ignored.
2023-12-10 15:13:23,136 [ERROR] LogOutputStream:75 - [STDERR_REDIRECT] Managed Build system manifest file error: Option de.innot.avreclipse.toolchain.options.toolchain.objcopy.eeprom.app.debug.1993529834 uses a null category that is invalid in its context. The option was ignored.
2023-12-10 15:13:23,144 [ERROR] LogOutputStream:75 - [STDERR_REDIRECT] Managed Build system manifest file error: Option de.innot.avreclipse.toolchain.options.toolchain.objdump.app.debug.1387271452 uses a null category that is invalid in its context. The option was ignored.
2023-12-10 15:13:23,152 [ERROR] LogOutputStream:75 - [STDERR_REDIRECT] Managed Build system manifest file error: Option de.innot.avreclipse.toolchain.options.toolchain.size.app.debug.159262090 uses a null category that is invalid in its context. The option was ignored.
2023-12-10 15:13:23,160 [ERROR] LogOutputStream:75 - [STDERR_REDIRECT] Managed Build system manifest file error: Option de.innot.avreclipse.toolchain.options.toolchain.avrdude.app.debug.806945291 uses a null category that is invalid in its context. The option was ignored.
2023-12-10 15:13:23,414 [ERROR] LogOutputStream:75 - [STDERR_REDIRECT] Managed Build system manifest file error: Option de.innot.avreclipse.toolchain.options.toolchain.objcopy.flash.app.release.2073324842 uses a null category that is invalid in its context. The option was ignored.
2023-12-10 15:13:23,429 [ERROR] LogOutputStream:75 - [STDERR_REDIRECT] Managed Build system manifest file error: Option de.innot.avreclipse.toolchain.options.toolchain.objcopy.eeprom.app.release.604157319 uses a null category that is invalid in its context. The option was ignored.
2023-12-10 15:13:23,443 [ERROR] LogOutputStream:75 - [STDERR_REDIRECT] Managed Build system manifest file error: Option de.innot.avreclipse.toolchain.options.toolchain.objdump.app.release.1528470137 uses a null category that is invalid in its context. The option was ignored.
2023-12-10 15:13:23,453 [ERROR] LogOutputStream:75 - [STDERR_REDIRECT] Managed Build system manifest file error: Option de.innot.avreclipse.toolchain.options.toolchain.size.app.release.441019375 uses a null category that is invalid in its context. The option was ignored.
2023-12-10 15:13:23,464 [ERROR] LogOutputStream:75 - [STDERR_REDIRECT] Managed Build system manifest file error: Option de.innot.avreclipse.toolchain.options.toolchain.avrdude.app.release.1256162627 uses a null category that is invalid in its context. The option was ignored.
2023-12-10 15:13:27,947 [ERROR] LogOutputStream:75 - [STDERR_REDIRECT] Managed Build system manifest file error: Option de.innot.avreclipse.toolchain.options.toolchain.objcopy.flash.app.debug.1532056269 uses a null category that is invalid in its context. The option was ignored.
2023-12-10 15:13:27,955 [ERROR] LogOutputStream:75 - [STDERR_REDIRECT] Managed Build system manifest file error: Option de.innot.avreclipse.toolchain.options.toolchain.objcopy.eeprom.app.debug.75815862 uses a null category that is invalid in its context. The option was ignored.
2023-12-10 15:13:27,966 [ERROR] LogOutputStream:75 - [STDERR_REDIRECT] Managed Build system manifest file error: Option de.innot.avreclipse.toolchain.options.toolchain.objdump.app.debug.1553732937 uses a null category that is invalid in its context. The option was ignored.
2023-12-10 15:13:27,975 [ERROR] LogOutputStream:75 - [STDERR_REDIRECT] Managed Build system manifest file error: Option de.innot.avreclipse.toolchain.options.toolchain.size.app.debug.429261184 uses a null category that is invalid in its context. The option was ignored.
2023-12-10 15:13:27,985 [ERROR] LogOutputStream:75 - [STDERR_REDIRECT] Managed Build system manifest file error: Option de.innot.avreclipse.toolchain.options.toolchain.avrdude.app.debug.1603504531 uses a null category that is invalid in its context. The option was ignored.
2023-12-10 15:13:28,013 [ERROR] LogOutputStream:75 - [STDERR_REDIRECT] Managed Build system manifest file error: Option de.innot.avreclipse.toolchain.options.toolchain.objcopy.flash.app.release.881452463 uses a null category that is invalid in its context. The option was ignored.
2023-12-10 15:13:28,020 [ERROR] LogOutputStream:75 - [STDERR_REDIRECT] Managed Build system manifest file error: Option de.innot.avreclipse.toolchain.options.toolchain.objcopy.eeprom.app.release.543245657 uses a null category that is invalid in its context. The option was ignored.
2023-12-10 15:13:28,027 [ERROR] LogOutputStream:75 - [STDERR_REDIRECT] Managed Build system manifest file error: Option de.innot.avreclipse.toolchain.options.toolchain.objdump.app.release.1025693774 uses a null category that is invalid in its context. The option was ignored.
2023-12-10 15:13:28,034 [ERROR] LogOutputStream:75 - [STDERR_REDIRECT] Managed Build system manifest file error: Option de.innot.avreclipse.toolchain.options.toolchain.size.app.release.287873761 uses a null category that is invalid in its context. The option was ignored.
2023-12-10 15:13:28,041 [ERROR] LogOutputStream:75 - [STDERR_REDIRECT] Managed Build system manifest file error: Option de.innot.avreclipse.toolchain.options.toolchain.avrdude.app.release.1204330148 uses a null category that is invalid in its context. The option was ignored.
2023-12-10 15:13:32,206 [INFO] LogOutputStream:77 - [STDOUT_REDIRECT] 
2023-12-10 15:13:36,163 [INFO] ApplicationProperties:184 - Using Application install path: C:\ST\STM32CubeIDE_1.13.1\STM32CubeIDE\plugins\com.st.stm32cube.common.mx_6.9.1.202307191849
2023-12-10 15:13:36,184 [INFO] DbMcusXml:78 - Set database path to: C:\ST\STM32CubeIDE_1.13.1\STM32CubeIDE\plugins\com.st.stm32cube.common.mx_6.9.1.202307191849\\db\/mcu/
2023-12-10 15:13:36,185 [INFO] ApiDb:274 - Set plugin database path to: C:\ST\STM32CubeIDE_1.13.1\STM32CubeIDE\plugins\com.st.stm32cube.common.mx_6.9.1.202307191849\\db\/plugins/boardmanager/
2023-12-10 15:13:36,185 [WARN] ApiDb:259 - Overriding images path with different value:  => C:\ST\STM32CubeIDE_1.13.1\STM32CubeIDE\plugins\com.st.stm32cube.common.mx_6.9.1.202307191849\\db\/plugins/mcufinder/images/
2023-12-10 15:13:36,206 [INFO] ApiDb:250 - Set database path to: C:\Users\MS\.stmcufinder\plugins\mcufinder//mcu/
2023-12-10 15:13:36,208 [INFO] DbMcusAds:125 - Set database path to: C:\Users\MS\.stmcufinder\plugins\mcufinder//mcu/
2023-12-10 15:13:36,210 [INFO] CrossReferenceDbSqlite:203 - Set database path to: C:\Users\MS\.stmcufinder\plugins\mcufinder//mcu/cs/
2023-12-10 15:13:36,348 [INFO] RulesReader:64 - Compatibility file has been processed (293 Rules)
2023-12-10 15:13:36,499 [INFO] DbMcusXml:78 - Set database path to: C:\ST\STM32CubeIDE_1.13.1\STM32CubeIDE\plugins\com.st.stm32cube.common.mx_6.9.1.202307191849\\db\/mcu/
2023-12-10 15:13:36,499 [INFO] ApiDb:274 - Set plugin database path to: C:\ST\STM32CubeIDE_1.13.1\STM32CubeIDE\plugins\com.st.stm32cube.common.mx_6.9.1.202307191849\\db\/plugins/boardmanager/
2023-12-10 15:13:36,500 [INFO] ApiDb:261 - Set plugin images path to: C:\ST\STM32CubeIDE_1.13.1\STM32CubeIDE\plugins\com.st.stm32cube.common.mx_6.9.1.202307191849\\db\/plugins/mcufinder/images/
2023-12-10 15:13:36,500 [WARN] DbFile:41 - Overriding database path with different value: C:\Users\MS\.stmcufinder\plugins\mcufinder/ => C:\Users\MS\.stmcufinder\plugins\mcufinder
2023-12-10 15:13:36,500 [INFO] ApiDb:250 - Set database path to: C:\Users\MS\.stmcufinder\plugins\mcufinder//mcu/
2023-12-10 15:13:36,500 [WARN] DbFile:41 - Overriding database path with different value: C:\Users\MS\.stmcufinder\plugins\mcufinder/ => C:\Users\MS\.stmcufinder\plugins\mcufinder
2023-12-10 15:13:36,500 [INFO] DbMcusAds:125 - Set database path to: C:\Users\MS\.stmcufinder\plugins\mcufinder//mcu/
2023-12-10 15:13:36,500 [WARN] DbFile:41 - Overriding database path with different value: C:\Users\MS\.stmcufinder\plugins\mcufinder/ => C:\Users\MS\.stmcufinder\plugins\mcufinder
2023-12-10 15:13:36,500 [WARN] DbFile:41 - Overriding database path with different value: C:\Users\MS\.stmcufinder\plugins\mcufinder/ => C:\Users\MS\.stmcufinder\plugins\mcufinder
2023-12-10 15:13:36,500 [INFO] CrossReferenceDbSqlite:203 - Set database path to: C:\Users\MS\.stmcufinder\plugins\mcufinder//mcu/cs/
2023-12-10 15:13:36,603 [INFO] MainPanel:262 - HeapMemory: 268435456
2023-12-10 15:13:36,687 [INFO] DbMcusXml:78 - Set database path to: C:\ST\STM32CubeIDE_1.13.1\STM32CubeIDE\plugins\com.st.stm32cube.common.mx_6.9.1.202307191849\\db\/mcu/
2023-12-10 15:13:36,687 [INFO] ApiDb:274 - Set plugin database path to: C:\ST\STM32CubeIDE_1.13.1\STM32CubeIDE\plugins\com.st.stm32cube.common.mx_6.9.1.202307191849\\db\/plugins/boardmanager/
2023-12-10 15:13:36,687 [INFO] ApiDb:261 - Set plugin images path to: C:\ST\STM32CubeIDE_1.13.1\STM32CubeIDE\plugins\com.st.stm32cube.common.mx_6.9.1.202307191849\\db\/plugins/mcufinder/images/
2023-12-10 15:13:36,688 [WARN] DbFile:41 - Overriding database path with different value: C:\Users\MS\.stmcufinder\plugins\mcufinder/ => C:\Users\MS\.stmcufinder\plugins\mcufinder
2023-12-10 15:13:36,688 [INFO] ApiDb:250 - Set database path to: C:\Users\MS\.stmcufinder\plugins\mcufinder//mcu/
2023-12-10 15:13:36,688 [WARN] DbFile:41 - Overriding database path with different value: C:\Users\MS\.stmcufinder\plugins\mcufinder/ => C:\Users\MS\.stmcufinder\plugins\mcufinder
2023-12-10 15:13:36,688 [INFO] DbMcusAds:125 - Set database path to: C:\Users\MS\.stmcufinder\plugins\mcufinder//mcu/
2023-12-10 15:13:36,688 [WARN] DbFile:41 - Overriding database path with different value: C:\Users\MS\.stmcufinder\plugins\mcufinder/ => C:\Users\MS\.stmcufinder\plugins\mcufinder
2023-12-10 15:13:36,688 [WARN] DbFile:41 - Overriding database path with different value: C:\Users\MS\.stmcufinder\plugins\mcufinder/ => C:\Users\MS\.stmcufinder\plugins\mcufinder
2023-12-10 15:13:36,689 [INFO] CrossReferenceDbSqlite:203 - Set database path to: C:\Users\MS\.stmcufinder\plugins\mcufinder//mcu/cs/
2023-12-10 15:13:36,707 [INFO] ApplicationProperties:184 - Using Application install path: C:\ST\STM32CubeIDE_1.13.1\STM32CubeIDE\plugins\com.st.stm32cube.common.mx_6.9.1.202307191849
2023-12-10 15:13:36,709 [INFO] PluginManage:196 - Search for loadable plugins [exclusion list=, ]
2023-12-10 15:13:36,710 [INFO] PluginManage:310 - Check plugin analytics
2023-12-10 15:13:36,891 [INFO] AnalyticsPlugin:253 - Accepted Software Licenses: 
2023-12-10 15:13:36,891 [INFO] AnalyticsPlugin:255 - Accepted CMSIS Pack Licenses: 
2023-12-10 15:13:36,891 [INFO] AnalyticsPlugin:257 - Accepted Firmware Licenses: 
2023-12-10 15:13:36,895 [INFO] PluginManage:359 - Loaded plugin analytics (category:tool,tabindex:-1)
2023-12-10 15:13:36,895 [INFO] PluginManage:310 - Check plugin cadmodel
2023-12-10 15:13:36,909 [INFO] CADModel:105 - Init CAD model plugin
2023-12-10 15:13:36,909 [INFO] PluginManage:359 - Loaded plugin cadmodel (category:power,tabindex:5)
2023-12-10 15:13:36,910 [INFO] PluginManage:310 - Check plugin clock
2023-12-10 15:13:36,929 [INFO] PluginManage:359 - Loaded plugin clock (category:base,tabindex:2)
2023-12-10 15:13:36,930 [INFO] PluginManage:310 - Check plugin ddr
2023-12-10 15:13:36,932 [INFO] PluginManage:359 - Loaded plugin ddr (category:tool,tabindex:6)
2023-12-10 15:13:36,932 [INFO] PluginManage:310 - Check plugin filemanager
2023-12-10 15:13:37,075 [INFO] PluginManage:359 - Loaded plugin filemanager (category:base,tabindex:10)
2023-12-10 15:13:37,076 [INFO] PluginManage:310 - Check plugin ipmanager
2023-12-10 15:13:37,083 [INFO] PluginManage:359 - Loaded plugin ipmanager (category:base,tabindex:5)
2023-12-10 15:13:37,083 [INFO] PluginManage:310 - Check plugin lpbam
2023-12-10 15:13:37,100 [INFO] PluginManage:359 - Loaded plugin lpbam (category:base,tabindex:0)
2023-12-10 15:13:37,100 [INFO] PluginManage:310 - Check plugin memorymap
2023-12-10 15:13:37,121 [INFO] PluginManage:359 - Loaded plugin memorymap (category:base,tabindex:4)
2023-12-10 15:13:37,122 [INFO] PluginManage:310 - Check plugin pinoutandconfiguration
2023-12-10 15:13:37,139 [INFO] PluginManage:359 - Loaded plugin pinoutandconfiguration (category:base,tabindex:1)
2023-12-10 15:13:37,139 [INFO] PluginManage:310 - Check plugin pinoutconfig
2023-12-10 15:13:37,247 [WARN] SupportedApi:132 - Cannot load RTOS API schema: s4s-elt-must-match.1: The content of 'definitions' must match (annotation?, (simpleType | complexType)?, (unique | key | keyref)*)). A problem was found starting at: attribute.
2023-12-10 15:13:37,400 [INFO] PluginManage:359 - Loaded plugin pinoutconfig (category:base,tabindex:0)
2023-12-10 15:13:37,400 [INFO] PluginManage:310 - Check plugin power
2023-12-10 15:13:37,420 [INFO] PluginManage:359 - Loaded plugin power (category:power,tabindex:4)
2023-12-10 15:13:37,420 [INFO] PluginManage:310 - Check plugin projectmanager
2023-12-10 15:13:37,441 [INFO] PluginManage:359 - Loaded plugin projectmanager (category:projectmanager,tabindex:3)
2023-12-10 15:13:37,441 [INFO] PluginManage:310 - Check plugin thirdparty
2023-12-10 15:13:38,002 [INFO] PluginManage:359 - Loaded plugin thirdparty (category:base,tabindex:-1)
2023-12-10 15:13:38,002 [WARN] IntegrityCheckThread:84 - waiting for thirdparty lock release [integrity check]
2023-12-10 15:13:38,002 [INFO] IntegrityCheckThread:86 - entering critical section [integrity check]
2023-12-10 15:13:38,002 [INFO] PluginManage:310 - Check plugin tools
2023-12-10 15:13:38,002 [INFO] ThirdPartyUpdaterWithRetryManager:70 - Updater plugin not ready yet. [1/15]
2023-12-10 15:13:38,040 [INFO] PluginManage:359 - Loaded plugin tools (category:base,tabindex:7)
2023-12-10 15:13:38,040 [INFO] PluginManage:310 - Check plugin tutovideos
2023-12-10 15:13:38,243 [INFO] PluginManage:359 - Loaded plugin tutovideos (category:base,tabindex:-1)
2023-12-10 15:13:38,243 [INFO] PluginManage:310 - Check plugin updater
2023-12-10 15:13:38,254 [INFO] PluginManage:359 - Loaded plugin updater (category:base,tabindex:12)
2023-12-10 15:13:38,254 [INFO] PluginManage:310 - Check plugin userauth
2023-12-10 15:13:38,259 [INFO] UserAuth:113 - Init User Auth plugin
2023-12-10 15:13:38,259 [INFO] PluginManage:359 - Loaded plugin userauth (category:base,tabindex:14)
2023-12-10 15:13:38,259 [INFO] PluginManage:283 - PluginManage : Loaded plugins [17]
2023-12-10 15:13:38,475 [INFO] PinOutPanel:1499 - setPackage(No Configuration,No Configuration)
2023-12-10 15:13:38,634 [INFO] CADModel:165 - CPN selected for project level
2023-12-10 15:13:38,635 [INFO] CADModel:114 - Register for checkConnection events
2023-12-10 15:13:38,895 [INFO] IPUIPlugin:80 - create IPUIPlugin
2023-12-10 15:13:38,895 [INFO] PluginManager:220 - loadIPPluginJar : add adc
2023-12-10 15:13:38,935 [INFO] IPUIPlugin:80 - create IPUIPlugin
2023-12-10 15:13:38,935 [INFO] PluginManager:220 - loadIPPluginJar : add aes
2023-12-10 15:13:39,010 [INFO] IPUIPlugin:80 - create IPUIPlugin
2023-12-10 15:13:39,011 [INFO] PluginManager:220 - loadIPPluginJar : add can
2023-12-10 15:13:39,039 [INFO] IPUIPlugin:80 - create IPUIPlugin
2023-12-10 15:13:39,039 [INFO] PluginManager:220 - loadIPPluginJar : add comp
2023-12-10 15:13:39,078 [INFO] IPUIPlugin:80 - create IPUIPlugin
2023-12-10 15:13:39,078 [INFO] PluginManager:220 - loadIPPluginJar : add cryp
2023-12-10 15:13:39,111 [INFO] IPUIPlugin:80 - create IPUIPlugin
2023-12-10 15:13:39,111 [INFO] PluginManager:220 - loadIPPluginJar : add dfsdm
2023-12-10 15:13:39,139 [INFO] IPUIPlugin:80 - create IPUIPlugin
2023-12-10 15:13:39,141 [INFO] PluginManager:220 - loadIPPluginJar : add dma
2023-12-10 15:13:39,189 [INFO] IPUIPlugin:80 - create IPUIPlugin
2023-12-10 15:13:39,189 [INFO] PluginManager:220 - loadIPPluginJar : add dma3
2023-12-10 15:13:39,211 [INFO] IPUIPlugin:80 - create IPUIPlugin
2023-12-10 15:13:39,211 [INFO] PluginManager:220 - loadIPPluginJar : add fatfs
2023-12-10 15:13:39,263 [INFO] IPUIPlugin:80 - create IPUIPlugin
2023-12-10 15:13:39,263 [INFO] PluginManager:220 - loadIPPluginJar : add fmc
2023-12-10 15:13:39,300 [INFO] IPUIPlugin:80 - create IPUIPlugin
2023-12-10 15:13:39,301 [INFO] PluginManager:220 - loadIPPluginJar : add freertos
2023-12-10 15:13:39,323 [INFO] IPUIPlugin:80 - create IPUIPlugin
2023-12-10 15:13:39,323 [INFO] PluginManager:220 - loadIPPluginJar : add genericplugin
2023-12-10 15:13:39,458 [INFO] IPUIPlugin:80 - create IPUIPlugin
2023-12-10 15:13:39,458 [INFO] PluginManager:220 - loadIPPluginJar : add gfxmmu
2023-12-10 15:13:39,598 [INFO] IPUIPlugin:80 - create IPUIPlugin
2023-12-10 15:13:39,598 [INFO] PluginManager:220 - loadIPPluginJar : add gic
2023-12-10 15:13:39,624 [INFO] IPUIPlugin:80 - create IPUIPlugin
2023-12-10 15:13:39,624 [INFO] PluginManager:220 - loadIPPluginJar : add gpio
2023-12-10 15:13:39,733 [INFO] IPUIPlugin:80 - create IPUIPlugin
2023-12-10 15:13:39,734 [INFO] PluginManager:220 - loadIPPluginJar : add gtzc
2023-12-10 15:13:39,768 [INFO] IPUIPlugin:80 - create IPUIPlugin
2023-12-10 15:13:39,769 [INFO] PluginManager:220 - loadIPPluginJar : add hash
2023-12-10 15:13:39,836 [INFO] IPUIPlugin:80 - create IPUIPlugin
2023-12-10 15:13:39,836 [INFO] PluginManager:220 - loadIPPluginJar : add i2c
2023-12-10 15:13:39,894 [INFO] IPUIPlugin:80 - create IPUIPlugin
2023-12-10 15:13:39,894 [INFO] PluginManager:220 - loadIPPluginJar : add i2s
2023-12-10 15:13:39,958 [INFO] IPUIPlugin:80 - create IPUIPlugin
2023-12-10 15:13:39,958 [INFO] PluginManager:220 - loadIPPluginJar : add i3c
2023-12-10 15:13:40,084 [INFO] IPUIPlugin:80 - create IPUIPlugin
2023-12-10 15:13:40,085 [INFO] PluginManager:220 - loadIPPluginJar : add ipddr
2023-12-10 15:13:40,193 [INFO] IPUIPlugin:80 - create IPUIPlugin
2023-12-10 15:13:40,193 [INFO] PluginManager:220 - loadIPPluginJar : add linkedlist
2023-12-10 15:13:40,232 [INFO] IPUIPlugin:80 - create IPUIPlugin
2023-12-10 15:13:40,233 [INFO] PluginManager:220 - loadIPPluginJar : add lorawan
2023-12-10 15:13:40,290 [INFO] IPUIPlugin:80 - create IPUIPlugin
2023-12-10 15:13:40,290 [INFO] PluginManager:220 - loadIPPluginJar : add ltdc
2023-12-10 15:13:40,330 [INFO] IPUIPlugin:80 - create IPUIPlugin
2023-12-10 15:13:40,331 [INFO] PluginManager:220 - loadIPPluginJar : add mdma
2023-12-10 15:13:40,355 [INFO] IPUIPlugin:80 - create IPUIPlugin
2023-12-10 15:13:40,355 [INFO] PluginManager:220 - loadIPPluginJar : add nvic
2023-12-10 15:13:40,399 [INFO] IPUIPlugin:80 - create IPUIPlugin
2023-12-10 15:13:40,399 [INFO] PluginManager:220 - loadIPPluginJar : add opamp
2023-12-10 15:13:40,490 [INFO] IPUIPlugin:80 - create IPUIPlugin
2023-12-10 15:13:40,491 [INFO] PluginManager:220 - loadIPPluginJar : add openamp
2023-12-10 15:13:40,545 [INFO] IPUIPlugin:80 - create IPUIPlugin
2023-12-10 15:13:40,545 [INFO] PluginManager:220 - loadIPPluginJar : add pdm2pcm
2023-12-10 15:13:40,574 [INFO] IPUIPlugin:80 - create IPUIPlugin
2023-12-10 15:13:40,576 [INFO] PluginManager:220 - loadIPPluginJar : add plateformsettings
2023-12-10 15:13:40,605 [INFO] IPUIPlugin:80 - create IPUIPlugin
2023-12-10 15:13:40,605 [INFO] PluginManager:220 - loadIPPluginJar : add quadspi
2023-12-10 15:13:40,619 [INFO] IPUIPlugin:80 - create IPUIPlugin
2023-12-10 15:13:40,619 [INFO] PluginManager:220 - loadIPPluginJar : add resmgrutility
2023-12-10 15:13:40,694 [INFO] IPUIPlugin:80 - create IPUIPlugin
2023-12-10 15:13:40,694 [INFO] PluginManager:220 - loadIPPluginJar : add sai
2023-12-10 15:13:40,740 [INFO] IPUIPlugin:80 - create IPUIPlugin
2023-12-10 15:13:40,741 [INFO] PluginManager:220 - loadIPPluginJar : add spi
2023-12-10 15:13:40,804 [INFO] IPUIPlugin:80 - create IPUIPlugin
2023-12-10 15:13:40,804 [INFO] PluginManager:220 - loadIPPluginJar : add stm32_wpan
2023-12-10 15:13:40,828 [INFO] IPUIPlugin:80 - create IPUIPlugin
2023-12-10 15:13:40,828 [INFO] PluginManager:220 - loadIPPluginJar : add tim
2023-12-10 15:13:40,901 [INFO] IPUIPlugin:80 - create IPUIPlugin
2023-12-10 15:13:40,901 [INFO] PluginManager:220 - loadIPPluginJar : add touchsensing
2023-12-10 15:13:40,925 [INFO] IPUIPlugin:80 - create IPUIPlugin
2023-12-10 15:13:40,925 [INFO] PluginManager:220 - loadIPPluginJar : add tracer_emb
2023-12-10 15:13:40,950 [INFO] IPUIPlugin:80 - create IPUIPlugin
2023-12-10 15:13:40,950 [INFO] PluginManager:220 - loadIPPluginJar : add ts
2023-12-10 15:13:40,973 [INFO] IPUIPlugin:80 - create IPUIPlugin
2023-12-10 15:13:40,973 [INFO] PluginManager:220 - loadIPPluginJar : add tsc
2023-12-10 15:13:40,995 [INFO] IPUIPlugin:80 - create IPUIPlugin
2023-12-10 15:13:40,996 [INFO] PluginManager:220 - loadIPPluginJar : add ucpd
2023-12-10 15:13:41,005 [INFO] ThirdPartyUpdaterWithRetryManager:70 - Updater plugin not ready yet. [2/15]
2023-12-10 15:13:41,056 [INFO] IPUIPlugin:80 - create IPUIPlugin
2023-12-10 15:13:41,056 [INFO] PluginManager:220 - loadIPPluginJar : add usart
2023-12-10 15:13:41,104 [INFO] IPUIPlugin:80 - create IPUIPlugin
2023-12-10 15:13:41,104 [INFO] PluginManager:220 - loadIPPluginJar : add usbx
2023-12-10 15:13:41,243 [INFO] CADModel:165 - CPN selected for project level
2023-12-10 15:13:41,243 [INFO] CADModel:114 - Register for checkConnection events
2023-12-10 15:13:41,243 [FATAL] Updater:308 - Updater called before beeing initialized
2023-12-10 15:13:41,243 [ERROR] CADModel:125 - Updater not yet initialized, retry later 
2023-12-10 15:13:41,424 [INFO] CADModel:165 - CPN selected for project level
2023-12-10 15:13:41,424 [INFO] CADModel:114 - Register for checkConnection events
2023-12-10 15:13:41,424 [FATAL] Updater:308 - Updater called before beeing initialized
2023-12-10 15:13:41,424 [ERROR] CADModel:125 - Updater not yet initialized, retry later 
2023-12-10 15:13:41,427 [FATAL] Updater:308 - Updater called before beeing initialized
2023-12-10 15:13:41,556 [FATAL] Updater:308 - Updater called before beeing initialized
2023-12-10 15:13:41,570 [INFO] DbMcusAds:53 - JSON generation date=Tue Mar 07 10:50:55 EET 2023 (1678179055335)
2023-12-10 15:13:41,570 [FATAL] Updater:308 - Updater called before beeing initialized
2023-12-10 15:13:41,688 [WARN] DetailPanel:346 - Failed to get advertising image, set to default
2023-12-10 15:13:41,802 [FATAL] Updater:308 - Updater called before beeing initialized
2023-12-10 15:13:41,804 [FATAL] Updater:308 - Updater called before beeing initialized
2023-12-10 15:13:41,804 [FATAL] Updater:308 - Updater called before beeing initialized
2023-12-10 15:13:41,804 [WARN] DetailPanel:346 - Failed to get advertising image, set to default
2023-12-10 15:13:41,805 [FATAL] Updater:308 - Updater called before beeing initialized
2023-12-10 15:13:41,912 [ERROR] Updater:1120 - MainUpdater not yet initialized. External WinMGr cannot be set.
2023-12-10 15:13:41,936 [INFO] Updater:1056 - Updater Version found : 6.9.1
2023-12-10 15:13:41,954 [INFO] ApplicationProperties:184 - Using Application install path: C:\ST\STM32CubeIDE_1.13.1\STM32CubeIDE\plugins\com.st.stm32cube.common.mx_6.9.1.202307191849
2023-12-10 15:13:42,660 [INFO] MainUpdater:2868 - connection check result : 10
2023-12-10 15:13:42,660 [INFO] MainUpdater:3562 - Updater definition file requires update
2023-12-10 15:13:42,662 [INFO] MainUpdater:285 - Updater Check For Update Now.
2023-12-10 15:13:42,662 [INFO] MicroXplorer:498 - Change Database Version : DB.6.0.91
2023-12-10 15:13:42,688 [INFO] McuFinderGlobals:63 - Set McuFinder mode to 2 (CubeIDE integrated)
2023-12-10 15:13:42,796 [INFO] ServerAccessManage:473 - Download File updaters.zip
2023-12-10 15:13:43,046 [INFO] FileExtend:240 - Unzip File : updaters.zip
2023-12-10 15:13:43,046 [INFO] FileExtend:255 - Standard Zip Deflate
2023-12-10 15:13:43,698 [INFO] ServerAccessManage:473 - Download File PacksControlFlags.xml
2023-12-10 15:13:43,923 [INFO] ServerAccessManage:473 - Download File cubemx.pidx
2023-12-10 15:13:44,007 [WARN] MainUpdater:1189 - Updater busy. Cannot search thirdparties
2023-12-10 15:13:44,008 [INFO] ThirdPartyUpdaterWithRetryManager:96 - Updater plugin is busy. [1/15]
2023-12-10 15:13:45,542 [INFO] ServerAccessManage:473 - Download File STMicroelectronics.X-CUBE-ISPU.pdsc
2023-12-10 15:13:46,853 [INFO] ServerAccessManage:473 - Download File STMicroelectronics.X-CUBE-AZRTOS-H7.pdsc
2023-12-10 15:13:47,008 [WARN] MainUpdater:1189 - Updater busy. Cannot search thirdparties
2023-12-10 15:13:47,008 [INFO] ThirdPartyUpdaterWithRetryManager:96 - Updater plugin is busy. [2/15]
2023-12-10 15:13:49,660 [ERROR] ServerAccessManage:1096 - Problem, Http access forbiden
2023-12-10 15:13:49,662 [ERROR] ServerAccessManage:651 - Problem, Http access forbiden : RoweBots.I-CUBE-UNISONRTOS.pdsc.
2023-12-10 15:13:49,988 [WARN] PackLoader:240 - Cannot read IP mode file for STMicroelectronics.X-CUBE-ISPU.2.0.0
2023-12-10 15:13:50,009 [WARN] MainUpdater:1189 - Updater busy. Cannot search thirdparties
2023-12-10 15:13:50,009 [INFO] ThirdPartyUpdaterWithRetryManager:96 - Updater plugin is busy. [3/15]
2023-12-10 15:13:50,048 [WARN] PackLoader:240 - Cannot read IP mode file for STMicroelectronics.X-CUBE-AZRTOS-H7.3.2.0
2023-12-10 15:13:50,062 [INFO] PopulateThirdPartyThread:66 - Ending populate Thread
2023-12-10 15:13:50,064 [INFO] ThirdParty:1030 - CMSIS Pack Vendor :STMicroelectronics X-CUBE-AZRTOS-H7 3.2.0
2023-12-10 15:13:50,064 [INFO] ThirdParty:1030 - CMSIS Pack Vendor :STMicroelectronics X-CUBE-ISPU 2.0.0
2023-12-10 15:13:50,064 [INFO] LoadServerUpdatesThread:373 - End of LoadServerUpdate Thread
2023-12-10 15:13:50,108 [INFO] CheckServerUpdateThread:120 - End of CheckServer Thread
2023-12-10 15:13:53,192 [WARN] PackLoader:240 - Cannot read IP mode file for STMicroelectronics.X-CUBE-SMBUS.2.1.0
2023-12-10 15:13:53,244 [WARN] PackLoader:240 - Cannot read IP mode file for STMicroelectronics.X-CUBE-AZRTOS-F7.1.1.0
2023-12-10 15:13:53,284 [WARN] PackLoader:240 - Cannot read IP mode file for STMicroelectronics.FP-SNS-MOTENV1.4.3.2
2023-12-10 15:13:53,300 [WARN] PackLoader:240 - Cannot read IP mode file for STMicroelectronics.FP-SNS-FLIGHT1.5.0.2
2023-12-10 15:13:53,328 [WARN] PackLoader:240 - Cannot read IP mode file for STMicroelectronics.X-CUBE-DISPLAY.3.0.0
2023-12-10 15:13:53,359 [WARN] PackLoader:240 - Cannot read IP mode file for STMicroelectronics.X-CUBE-BLE1.7.0.0
2023-12-10 15:13:53,386 [WARN] PackLoader:240 - Cannot read IP mode file for emotas.I-CUBE-CANOPEN.1.3.0
2023-12-10 15:13:53,405 [WARN] PackLoader:240 - Cannot read IP mode file for STMicroelectronics.X-CUBE-TOUCHGFX.4.22.0
2023-12-10 15:13:53,423 [WARN] PackLoader:240 - Cannot read IP mode file for STMicroelectronics.X-CUBE-TOUCHGFX.4.22.1
2023-12-10 15:13:53,445 [WARN] PackLoader:240 - Cannot read IP mode file for STMicroelectronics.FP-SNS-SMARTAG2.1.2.0
2023-12-10 15:13:53,487 [INFO] LogOutputStream:77 - [STDOUT_REDIRECT] 1 : Invalid condition id : UX_CORESTACK_Condition cause : null
2023-12-10 15:13:53,487 [INFO] LogOutputStream:77 - [STDOUT_REDIRECT] 1 : Invalid condition id : UX_CORESTACK_Condition cause : null
2023-12-10 15:13:53,488 [INFO] LogOutputStream:77 - [STDOUT_REDIRECT] 1 : Invalid condition id : UX_CORESTACK_Condition cause : null
2023-12-10 15:13:53,489 [INFO] LogOutputStream:77 - [STDOUT_REDIRECT] 1 : Invalid condition id : UX_CORESTACK_Condition cause : null
2023-12-10 15:13:53,491 [INFO] LogOutputStream:77 - [STDOUT_REDIRECT] 1 : Invalid condition id : UX_CORESTACK_Condition cause : null
2023-12-10 15:13:53,495 [WARN] PackLoader:240 - Cannot read IP mode file for STMicroelectronics.X-CUBE-AZRTOS-WL.2.0.0
2023-12-10 15:13:53,525 [WARN] PackLoader:240 - Cannot read IP mode file for WES.I-CUBE-Cesium.1.3.0
2023-12-10 15:13:53,734 [WARN] PackLoader:240 - Cannot read IP mode file for STMicroelectronics.X-CUBE-BLE2.3.3.0
2023-12-10 15:13:53,784 [WARN] PackLoader:240 - Cannot read IP mode file for STMicroelectronics.X-CUBE-ALGOBUILD.1.3.0
2023-12-10 15:13:53,893 [WARN] PackLoader:240 - Cannot read IP mode file for STMicroelectronics.X-CUBE-AZRTOS-G0.1.1.0
2023-12-10 15:13:53,931 [WARN] PackLoader:240 - Cannot read IP mode file for STMicroelectronics.X-CUBE-NFC4.3.0.0
2023-12-10 15:13:53,966 [WARN] PackLoader:240 - Cannot read IP mode file for STMicroelectronics.X-CUBE-BLEMGR.3.0.0
2023-12-10 15:13:53,988 [WARN] PackLoader:240 - Cannot read IP mode file for STMicroelectronics.FP-ATR-SIGFOX1.3.2.0
2023-12-10 15:13:54,056 [WARN] PackLoader:240 - Cannot read IP mode file for SEGGER.I-CUBE-embOS.1.3.1
2023-12-10 15:13:54,154 [WARN] PackLoader:240 - Cannot read IP mode file for STMicroelectronics.X-CUBE-GNSS1.6.0.0
2023-12-10 15:13:54,218 [WARN] PackLoader:240 - Cannot read IP mode file for STMicroelectronics.X-CUBE-AZRTOS-F4.1.1.0
2023-12-10 15:13:54,246 [WARN] PackLoader:240 - Cannot read IP mode file for wolfSSL.I-CUBE-wolfSSL.5.6.3
2023-12-10 15:13:54,295 [WARN] PackLoader:240 - Cannot read IP mode file for STMicroelectronics.X-CUBE-AZRTOS-L5.2.0.0
2023-12-10 15:13:54,394 [WARN] PackLoader:240 - Cannot read IP mode file for STMicroelectronics.X-CUBE-MEMS1.9.6.0
2023-12-10 15:13:54,670 [WARN] PackLoader:240 - Cannot read IP mode file for STMicroelectronics.X-CUBE-EEPRMA1.4.2.0
2023-12-10 15:13:54,708 [WARN] PackLoader:240 - Cannot read IP mode file for ITTIA_DB.I-CUBE-ITTIADB.8.8.0
2023-12-10 15:13:54,748 [WARN] PackLoader:240 - Cannot read IP mode file for STMicroelectronics.X-CUBE-BLEMGR.2.0.0
2023-12-10 15:13:54,808 [WARN] ConditionMgr:438 - getConditionDescription Invalid condition id : UX DEVICE CLASS RTOS Condition cause : null
2023-12-10 15:13:54,808 [WARN] ConditionMgr:438 - getConditionDescription Invalid condition id : UX DEVICE CLASS RTOS Condition cause : null
2023-12-10 15:13:54,812 [WARN] PackLoader:240 - Cannot read IP mode file for STMicroelectronics.X-CUBE-AZRTOS-H7.3.1.0
2023-12-10 15:13:54,813 [WARN] ConditionMgr:1039 - genDependencies : Invalid condition id : UX DEVICE CLASS RTOS Condition cause : null
2023-12-10 15:13:54,813 [WARN] ConditionMgr:1039 - genDependencies : Invalid condition id : UX DEVICE CLASS RTOS Condition cause : null
2023-12-10 15:13:54,814 [WARN] ConditionMgr:1039 - genDependencies : Invalid condition id : UX DEVICE CLASS RTOS Condition cause : null
2023-12-10 15:13:54,814 [WARN] ConditionMgr:1039 - genDependencies : Invalid condition id : UX DEVICE CLASS RTOS Condition cause : null
2023-12-10 15:13:54,814 [WARN] ConditionMgr:1039 - genDependencies : Invalid condition id : UX DEVICE CLASS RTOS Condition cause : null
2023-12-10 15:13:54,848 [WARN] PackLoader:240 - Cannot read IP mode file for STMicroelectronics.X-CUBE-NFC7.1.0.1
2023-12-10 15:13:54,885 [WARN] PackLoader:240 - Cannot read IP mode file for STMicroelectronics.X-CUBE-NFC6.3.0.0
2023-12-10 15:13:54,911 [WARN] PackLoader:240 - Cannot read IP mode file for STMicroelectronics.X-CUBE-EEPRMA1.4.1.0
2023-12-10 15:13:54,937 [WARN] PackLoader:240 - Cannot read IP mode file for STMicroelectronics.X-CUBE-AI.8.1.0
2023-12-10 15:13:54,986 [WARN] ConditionMgr:438 - getConditionDescription Invalid condition id : LAN8742 Phy interface Condition cause : null
2023-12-10 15:13:54,987 [WARN] PackLoader:240 - Cannot read IP mode file for STMicroelectronics.X-CUBE-AZRTOS-L4.2.0.0
2023-12-10 15:13:54,989 [WARN] ConditionMgr:1039 - genDependencies : Invalid condition id : LAN8742 Phy interface Condition cause : null
2023-12-10 15:13:54,989 [WARN] ConditionMgr:1039 - genDependencies : Invalid condition id : LAN8742 Phy interface Condition cause : null
2023-12-10 15:13:54,990 [WARN] ConditionMgr:1039 - genDependencies : Invalid condition id : LAN8742 Phy interface Condition cause : null
2023-12-10 15:13:55,029 [WARN] PackLoader:240 - Cannot read IP mode file for STMicroelectronics.X-CUBE-SFXS2LP1.4.0.0
2023-12-10 15:13:55,201 [WARN] PackLoader:240 - Cannot read IP mode file for STMicroelectronics.X-CUBE-ISPU.1.1.0
2023-12-10 15:13:55,267 [WARN] ConditionMgr:438 - getConditionDescription Invalid condition id : UX DEVICE CLASS RTOS Condition cause : null
2023-12-10 15:13:55,267 [WARN] ConditionMgr:438 - getConditionDescription Invalid condition id : UX DEVICE CLASS RTOS Condition cause : null
2023-12-10 15:13:55,269 [WARN] PackLoader:240 - Cannot read IP mode file for STMicroelectronics.X-CUBE-AZRTOS-WB.2.0.0
2023-12-10 15:13:55,270 [WARN] ConditionMgr:1039 - genDependencies : Invalid condition id : UX DEVICE CLASS RTOS Condition cause : null
2023-12-10 15:13:55,270 [WARN] ConditionMgr:1039 - genDependencies : Invalid condition id : UX DEVICE CLASS RTOS Condition cause : null
2023-12-10 15:13:55,271 [WARN] ConditionMgr:1039 - genDependencies : Invalid condition id : UX DEVICE CLASS RTOS Condition cause : null
2023-12-10 15:13:55,271 [WARN] ConditionMgr:1039 - genDependencies : Invalid condition id : UX DEVICE CLASS RTOS Condition cause : null
2023-12-10 15:13:55,271 [WARN] ConditionMgr:1039 - genDependencies : Invalid condition id : UX DEVICE CLASS RTOS Condition cause : null
2023-12-10 15:13:55,303 [WARN] PackLoader:240 - Cannot read IP mode file for STMicroelectronics.X-CUBE-FREERTOS.1.0.1
2023-12-10 15:13:55,396 [WARN] PackLoader:240 - Cannot read IP mode file for STMicroelectronics.X-CUBE-SUBG2.5.0.0
2023-12-10 15:13:55,496 [WARN] PackLoader:240 - Cannot read IP mode file for STMicroelectronics.X-CUBE-TOF1.3.3.1
2023-12-10 15:13:55,681 [WARN] PackLoader:240 - Cannot read IP mode file for STMicroelectronics.X-CUBE-AZRTOS-G4.2.0.0
2023-12-10 15:13:55,845 [WARN] PackLoader:240 - Cannot read IP mode file for Infineon.AIROC-Wi-Fi-Bluetooth-STM32.1.5.1
2023-12-10 15:13:55,883 [WARN] PackLoader:240 - Cannot read IP mode file for STMicroelectronics.FP-SNS-MOTENVWB1.1.3.0
2023-12-10 15:13:55,921 [WARN] PackLoader:240 - Cannot read IP mode file for STMicroelectronics.FP-SNS-MOTENVWB1.1.3.1
2023-12-10 15:13:55,926 [WARN] PackLoader:240 - Cannot read IP mode file for STMicroelectronics.X-CUBE-ISPU.2.0.0
2023-12-10 15:13:56,229 [WARN] PackLoader:240 - Cannot read IP mode file for STMicroelectronics.X-CUBE-MEMS1.10.0.0
2023-12-10 15:13:56,345 [WARN] PackLoader:240 - Cannot read IP mode file for STMicroelectronics.X-CUBE-FREERTOS.1.1.0
2023-12-10 15:13:56,367 [WARN] PackLoader:240 - Cannot read IP mode file for portGmbH.I-Cube-SoM-uGOAL.1.1.0
2023-12-10 15:13:56,397 [WARN] PackLoader:240 - Cannot read IP mode file for STMicroelectronics.X-CUBE-ALS.1.0.1
2023-12-10 15:13:56,406 [WARN] PackLoader:240 - Cannot read IP mode file for STMicroelectronics.FP-ATR-ASTRA1.2.0.0
2023-12-10 15:13:56,458 [WARN] PackLoader:240 - Cannot read IP mode file for STMicroelectronics.X-CUBE-TOF1.3.4.0
2023-12-10 15:13:56,494 [WARN] PackLoader:240 - Cannot read IP mode file for STMicroelectronics.X-CUBE-AZRTOS-H7.3.2.0
2023-12-10 15:13:56,498 [INFO] ThirdParty:978 - Integrity check success = true
2023-12-10 15:13:56,499 [INFO] IntegrityCheckThread:100 - exiting critical section [integrity check]
2023-12-10 15:13:56,499 [INFO] IntegrityCheckThread:103 - End integrity checks thread
2023-12-10 15:14:06,083 [INFO] Activator:176 - 


2023-12-10 15:14:06,087 [INFO] Activator:177 - !SESSION log4j initialized
2023-12-10 15:14:07,122 [ERROR] LogOutputStream:75 - [STDERR_REDIRECT] Managed Build system manifest file error: Option de.innot.avreclipse.toolchain.options.toolchain.objcopy.flash.app.debug.1245231858 uses a null category that is invalid in its context. The option was ignored.
2023-12-10 15:14:07,136 [ERROR] LogOutputStream:75 - [STDERR_REDIRECT] Managed Build system manifest file error: Option de.innot.avreclipse.toolchain.options.toolchain.objcopy.eeprom.app.debug.1993529834 uses a null category that is invalid in its context. The option was ignored.
2023-12-10 15:14:07,148 [ERROR] LogOutputStream:75 - [STDERR_REDIRECT] Managed Build system manifest file error: Option de.innot.avreclipse.toolchain.options.toolchain.objdump.app.debug.1387271452 uses a null category that is invalid in its context. The option was ignored.
2023-12-10 15:14:07,155 [ERROR] LogOutputStream:75 - [STDERR_REDIRECT] Managed Build system manifest file error: Option de.innot.avreclipse.toolchain.options.toolchain.size.app.debug.159262090 uses a null category that is invalid in its context. The option was ignored.
2023-12-10 15:14:07,163 [ERROR] LogOutputStream:75 - [STDERR_REDIRECT] Managed Build system manifest file error: Option de.innot.avreclipse.toolchain.options.toolchain.avrdude.app.debug.806945291 uses a null category that is invalid in its context. The option was ignored.
2023-12-10 15:14:07,254 [ERROR] LogOutputStream:75 - [STDERR_REDIRECT] Managed Build system manifest file error: Option de.innot.avreclipse.toolchain.options.toolchain.objcopy.flash.app.release.2073324842 uses a null category that is invalid in its context. The option was ignored.
2023-12-10 15:14:07,262 [ERROR] LogOutputStream:75 - [STDERR_REDIRECT] Managed Build system manifest file error: Option de.innot.avreclipse.toolchain.options.toolchain.objcopy.eeprom.app.release.604157319 uses a null category that is invalid in its context. The option was ignored.
2023-12-10 15:14:07,270 [ERROR] LogOutputStream:75 - [STDERR_REDIRECT] Managed Build system manifest file error: Option de.innot.avreclipse.toolchain.options.toolchain.objdump.app.release.1528470137 uses a null category that is invalid in its context. The option was ignored.
2023-12-10 15:14:07,277 [ERROR] LogOutputStream:75 - [STDERR_REDIRECT] Managed Build system manifest file error: Option de.innot.avreclipse.toolchain.options.toolchain.size.app.release.441019375 uses a null category that is invalid in its context. The option was ignored.
2023-12-10 15:14:07,284 [ERROR] LogOutputStream:75 - [STDERR_REDIRECT] Managed Build system manifest file error: Option de.innot.avreclipse.toolchain.options.toolchain.avrdude.app.release.1256162627 uses a null category that is invalid in its context. The option was ignored.
2023-12-10 15:14:08,756 [ERROR] LogOutputStream:75 - [STDERR_REDIRECT] Managed Build system manifest file error: Option de.innot.avreclipse.toolchain.options.toolchain.objcopy.flash.app.debug.1532056269 uses a null category that is invalid in its context. The option was ignored.
2023-12-10 15:14:08,771 [ERROR] LogOutputStream:75 - [STDERR_REDIRECT] Managed Build system manifest file error: Option de.innot.avreclipse.toolchain.options.toolchain.objcopy.eeprom.app.debug.75815862 uses a null category that is invalid in its context. The option was ignored.
2023-12-10 15:14:08,778 [ERROR] LogOutputStream:75 - [STDERR_REDIRECT] Managed Build system manifest file error: Option de.innot.avreclipse.toolchain.options.toolchain.objdump.app.debug.1553732937 uses a null category that is invalid in its context. The option was ignored.
2023-12-10 15:14:08,786 [ERROR] LogOutputStream:75 - [STDERR_REDIRECT] Managed Build system manifest file error: Option de.innot.avreclipse.toolchain.options.toolchain.size.app.debug.429261184 uses a null category that is invalid in its context. The option was ignored.
2023-12-10 15:14:08,794 [ERROR] LogOutputStream:75 - [STDERR_REDIRECT] Managed Build system manifest file error: Option de.innot.avreclipse.toolchain.options.toolchain.avrdude.app.debug.1603504531 uses a null category that is invalid in its context. The option was ignored.
2023-12-10 15:14:08,829 [ERROR] LogOutputStream:75 - [STDERR_REDIRECT] Managed Build system manifest file error: Option de.innot.avreclipse.toolchain.options.toolchain.objcopy.flash.app.release.881452463 uses a null category that is invalid in its context. The option was ignored.
2023-12-10 15:14:08,840 [ERROR] LogOutputStream:75 - [STDERR_REDIRECT] Managed Build system manifest file error: Option de.innot.avreclipse.toolchain.options.toolchain.objcopy.eeprom.app.release.543245657 uses a null category that is invalid in its context. The option was ignored.
2023-12-10 15:14:08,847 [ERROR] LogOutputStream:75 - [STDERR_REDIRECT] Managed Build system manifest file error: Option de.innot.avreclipse.toolchain.options.toolchain.objdump.app.release.1025693774 uses a null category that is invalid in its context. The option was ignored.
2023-12-10 15:14:08,855 [ERROR] LogOutputStream:75 - [STDERR_REDIRECT] Managed Build system manifest file error: Option de.innot.avreclipse.toolchain.options.toolchain.size.app.release.287873761 uses a null category that is invalid in its context. The option was ignored.
2023-12-10 15:14:08,863 [ERROR] LogOutputStream:75 - [STDERR_REDIRECT] Managed Build system manifest file error: Option de.innot.avreclipse.toolchain.options.toolchain.avrdude.app.release.1204330148 uses a null category that is invalid in its context. The option was ignored.
2023-12-10 15:14:11,455 [INFO] LogOutputStream:77 - [STDOUT_REDIRECT] 
2023-12-10 15:14:14,756 [INFO] ApplicationProperties:184 - Using Application install path: C:\ST\STM32CubeIDE_1.13.1\STM32CubeIDE\plugins\com.st.stm32cube.common.mx_6.9.1.202307191849
2023-12-10 15:14:14,814 [INFO] DbMcusXml:78 - Set database path to: C:\ST\STM32CubeIDE_1.13.1\STM32CubeIDE\plugins\com.st.stm32cube.common.mx_6.9.1.202307191849\\db\/mcu/
2023-12-10 15:14:14,815 [INFO] ApiDb:274 - Set plugin database path to: C:\ST\STM32CubeIDE_1.13.1\STM32CubeIDE\plugins\com.st.stm32cube.common.mx_6.9.1.202307191849\\db\/plugins/boardmanager/
2023-12-10 15:14:14,816 [WARN] ApiDb:259 - Overriding images path with different value:  => C:\ST\STM32CubeIDE_1.13.1\STM32CubeIDE\plugins\com.st.stm32cube.common.mx_6.9.1.202307191849\\db\/plugins/mcufinder/images/
2023-12-10 15:14:14,830 [INFO] ApiDb:250 - Set database path to: C:\Users\MS\.stmcufinder\plugins\mcufinder//mcu/
2023-12-10 15:14:14,832 [INFO] DbMcusAds:125 - Set database path to: C:\Users\MS\.stmcufinder\plugins\mcufinder//mcu/
2023-12-10 15:14:14,835 [INFO] CrossReferenceDbSqlite:203 - Set database path to: C:\Users\MS\.stmcufinder\plugins\mcufinder//mcu/cs/
2023-12-10 15:14:14,991 [INFO] RulesReader:64 - Compatibility file has been processed (293 Rules)
2023-12-10 15:14:15,129 [INFO] DbMcusXml:78 - Set database path to: C:\ST\STM32CubeIDE_1.13.1\STM32CubeIDE\plugins\com.st.stm32cube.common.mx_6.9.1.202307191849\\db\/mcu/
2023-12-10 15:14:15,129 [INFO] ApiDb:274 - Set plugin database path to: C:\ST\STM32CubeIDE_1.13.1\STM32CubeIDE\plugins\com.st.stm32cube.common.mx_6.9.1.202307191849\\db\/plugins/boardmanager/
2023-12-10 15:14:15,129 [INFO] ApiDb:261 - Set plugin images path to: C:\ST\STM32CubeIDE_1.13.1\STM32CubeIDE\plugins\com.st.stm32cube.common.mx_6.9.1.202307191849\\db\/plugins/mcufinder/images/
2023-12-10 15:14:15,130 [WARN] DbFile:41 - Overriding database path with different value: C:\Users\MS\.stmcufinder\plugins\mcufinder/ => C:\Users\MS\.stmcufinder\plugins\mcufinder
2023-12-10 15:14:15,130 [INFO] ApiDb:250 - Set database path to: C:\Users\MS\.stmcufinder\plugins\mcufinder//mcu/
2023-12-10 15:14:15,130 [WARN] DbFile:41 - Overriding database path with different value: C:\Users\MS\.stmcufinder\plugins\mcufinder/ => C:\Users\MS\.stmcufinder\plugins\mcufinder
2023-12-10 15:14:15,130 [INFO] DbMcusAds:125 - Set database path to: C:\Users\MS\.stmcufinder\plugins\mcufinder//mcu/
2023-12-10 15:14:15,130 [WARN] DbFile:41 - Overriding database path with different value: C:\Users\MS\.stmcufinder\plugins\mcufinder/ => C:\Users\MS\.stmcufinder\plugins\mcufinder
2023-12-10 15:14:15,130 [WARN] DbFile:41 - Overriding database path with different value: C:\Users\MS\.stmcufinder\plugins\mcufinder/ => C:\Users\MS\.stmcufinder\plugins\mcufinder
2023-12-10 15:14:15,130 [INFO] CrossReferenceDbSqlite:203 - Set database path to: C:\Users\MS\.stmcufinder\plugins\mcufinder//mcu/cs/
2023-12-10 15:14:15,274 [INFO] MainPanel:262 - HeapMemory: 268435456
2023-12-10 15:14:15,386 [INFO] DbMcusXml:78 - Set database path to: C:\ST\STM32CubeIDE_1.13.1\STM32CubeIDE\plugins\com.st.stm32cube.common.mx_6.9.1.202307191849\\db\/mcu/
2023-12-10 15:14:15,386 [INFO] ApiDb:274 - Set plugin database path to: C:\ST\STM32CubeIDE_1.13.1\STM32CubeIDE\plugins\com.st.stm32cube.common.mx_6.9.1.202307191849\\db\/plugins/boardmanager/
2023-12-10 15:14:15,386 [INFO] ApiDb:261 - Set plugin images path to: C:\ST\STM32CubeIDE_1.13.1\STM32CubeIDE\plugins\com.st.stm32cube.common.mx_6.9.1.202307191849\\db\/plugins/mcufinder/images/
2023-12-10 15:14:15,387 [WARN] DbFile:41 - Overriding database path with different value: C:\Users\MS\.stmcufinder\plugins\mcufinder/ => C:\Users\MS\.stmcufinder\plugins\mcufinder
2023-12-10 15:14:15,387 [INFO] ApiDb:250 - Set database path to: C:\Users\MS\.stmcufinder\plugins\mcufinder//mcu/
2023-12-10 15:14:15,387 [WARN] DbFile:41 - Overriding database path with different value: C:\Users\MS\.stmcufinder\plugins\mcufinder/ => C:\Users\MS\.stmcufinder\plugins\mcufinder
2023-12-10 15:14:15,387 [INFO] DbMcusAds:125 - Set database path to: C:\Users\MS\.stmcufinder\plugins\mcufinder//mcu/
2023-12-10 15:14:15,387 [WARN] DbFile:41 - Overriding database path with different value: C:\Users\MS\.stmcufinder\plugins\mcufinder/ => C:\Users\MS\.stmcufinder\plugins\mcufinder
2023-12-10 15:14:15,387 [WARN] DbFile:41 - Overriding database path with different value: C:\Users\MS\.stmcufinder\plugins\mcufinder/ => C:\Users\MS\.stmcufinder\plugins\mcufinder
2023-12-10 15:14:15,387 [INFO] CrossReferenceDbSqlite:203 - Set database path to: C:\Users\MS\.stmcufinder\plugins\mcufinder//mcu/cs/
2023-12-10 15:14:15,417 [INFO] ApplicationProperties:184 - Using Application install path: C:\ST\STM32CubeIDE_1.13.1\STM32CubeIDE\plugins\com.st.stm32cube.common.mx_6.9.1.202307191849
2023-12-10 15:14:15,419 [INFO] PluginManage:196 - Search for loadable plugins [exclusion list=, ]
2023-12-10 15:14:15,420 [INFO] PluginManage:310 - Check plugin analytics
2023-12-10 15:14:15,660 [INFO] AnalyticsPlugin:253 - Accepted Software Licenses: 
2023-12-10 15:14:15,661 [INFO] AnalyticsPlugin:255 - Accepted CMSIS Pack Licenses: 
2023-12-10 15:14:15,661 [INFO] AnalyticsPlugin:257 - Accepted Firmware Licenses: 
2023-12-10 15:14:15,664 [INFO] PluginManage:359 - Loaded plugin analytics (category:tool,tabindex:-1)
2023-12-10 15:14:15,664 [INFO] PluginManage:310 - Check plugin cadmodel
2023-12-10 15:14:15,669 [INFO] CADModel:105 - Init CAD model plugin
2023-12-10 15:14:15,669 [INFO] PluginManage:359 - Loaded plugin cadmodel (category:power,tabindex:5)
2023-12-10 15:14:15,669 [INFO] PluginManage:310 - Check plugin clock
2023-12-10 15:14:15,682 [INFO] PluginManage:359 - Loaded plugin clock (category:base,tabindex:2)
2023-12-10 15:14:15,682 [INFO] PluginManage:310 - Check plugin ddr
2023-12-10 15:14:15,685 [INFO] PluginManage:359 - Loaded plugin ddr (category:tool,tabindex:6)
2023-12-10 15:14:15,685 [INFO] PluginManage:310 - Check plugin filemanager
2023-12-10 15:14:15,833 [INFO] PluginManage:359 - Loaded plugin filemanager (category:base,tabindex:10)
2023-12-10 15:14:15,833 [INFO] PluginManage:310 - Check plugin ipmanager
2023-12-10 15:14:15,841 [INFO] PluginManage:359 - Loaded plugin ipmanager (category:base,tabindex:5)
2023-12-10 15:14:15,841 [INFO] PluginManage:310 - Check plugin lpbam
2023-12-10 15:14:15,851 [INFO] PluginManage:359 - Loaded plugin lpbam (category:base,tabindex:0)
2023-12-10 15:14:15,852 [INFO] PluginManage:310 - Check plugin memorymap
2023-12-10 15:14:15,865 [INFO] PluginManage:359 - Loaded plugin memorymap (category:base,tabindex:4)
2023-12-10 15:14:15,865 [INFO] PluginManage:310 - Check plugin pinoutandconfiguration
2023-12-10 15:14:15,874 [INFO] PluginManage:359 - Loaded plugin pinoutandconfiguration (category:base,tabindex:1)
2023-12-10 15:14:15,874 [INFO] PluginManage:310 - Check plugin pinoutconfig
2023-12-10 15:14:15,986 [WARN] SupportedApi:132 - Cannot load RTOS API schema: s4s-elt-must-match.1: The content of 'definitions' must match (annotation?, (simpleType | complexType)?, (unique | key | keyref)*)). A problem was found starting at: attribute.
2023-12-10 15:14:16,150 [INFO] PluginManage:359 - Loaded plugin pinoutconfig (category:base,tabindex:0)
2023-12-10 15:14:16,151 [INFO] PluginManage:310 - Check plugin power
2023-12-10 15:14:16,161 [INFO] PluginManage:359 - Loaded plugin power (category:power,tabindex:4)
2023-12-10 15:14:16,161 [INFO] PluginManage:310 - Check plugin projectmanager
2023-12-10 15:14:16,184 [INFO] PluginManage:359 - Loaded plugin projectmanager (category:projectmanager,tabindex:3)
2023-12-10 15:14:16,184 [INFO] PluginManage:310 - Check plugin thirdparty
2023-12-10 15:14:16,356 [INFO] PluginManage:359 - Loaded plugin thirdparty (category:base,tabindex:-1)
2023-12-10 15:14:16,356 [WARN] IntegrityCheckThread:84 - waiting for thirdparty lock release [integrity check]
2023-12-10 15:14:16,356 [INFO] PluginManage:310 - Check plugin tools
2023-12-10 15:14:16,356 [INFO] IntegrityCheckThread:86 - entering critical section [integrity check]
2023-12-10 15:14:16,357 [INFO] ThirdPartyUpdaterWithRetryManager:70 - Updater plugin not ready yet. [1/15]
2023-12-10 15:14:16,360 [INFO] PluginManage:359 - Loaded plugin tools (category:base,tabindex:7)
2023-12-10 15:14:16,360 [INFO] PluginManage:310 - Check plugin tutovideos
2023-12-10 15:14:16,562 [INFO] PluginManage:359 - Loaded plugin tutovideos (category:base,tabindex:-1)
2023-12-10 15:14:16,562 [INFO] PluginManage:310 - Check plugin updater
2023-12-10 15:14:16,578 [INFO] PluginManage:359 - Loaded plugin updater (category:base,tabindex:12)
2023-12-10 15:14:16,578 [INFO] PluginManage:310 - Check plugin userauth
2023-12-10 15:14:16,585 [INFO] UserAuth:113 - Init User Auth plugin
2023-12-10 15:14:16,587 [INFO] PluginManage:359 - Loaded plugin userauth (category:base,tabindex:14)
2023-12-10 15:14:16,588 [INFO] PluginManage:283 - PluginManage : Loaded plugins [17]
2023-12-10 15:14:17,127 [INFO] PinOutPanel:1499 - setPackage(No Configuration,No Configuration)
2023-12-10 15:14:17,312 [INFO] CADModel:165 - CPN selected for project level
2023-12-10 15:14:17,312 [INFO] CADModel:114 - Register for checkConnection events
2023-12-10 15:14:17,336 [INFO] IPUIPlugin:80 - create IPUIPlugin
2023-12-10 15:14:17,336 [INFO] PluginManager:220 - loadIPPluginJar : add adc
2023-12-10 15:14:17,341 [INFO] IPUIPlugin:80 - create IPUIPlugin
2023-12-10 15:14:17,341 [INFO] PluginManager:220 - loadIPPluginJar : add aes
2023-12-10 15:14:17,344 [INFO] IPUIPlugin:80 - create IPUIPlugin
2023-12-10 15:14:17,344 [INFO] PluginManager:220 - loadIPPluginJar : add can
2023-12-10 15:14:17,346 [INFO] IPUIPlugin:80 - create IPUIPlugin
2023-12-10 15:14:17,346 [INFO] PluginManager:220 - loadIPPluginJar : add comp
2023-12-10 15:14:17,349 [INFO] IPUIPlugin:80 - create IPUIPlugin
2023-12-10 15:14:17,349 [INFO] PluginManager:220 - loadIPPluginJar : add cryp
2023-12-10 15:14:17,351 [INFO] IPUIPlugin:80 - create IPUIPlugin
2023-12-10 15:14:17,351 [INFO] PluginManager:220 - loadIPPluginJar : add dfsdm
2023-12-10 15:14:17,357 [INFO] IPUIPlugin:80 - create IPUIPlugin
2023-12-10 15:14:17,358 [INFO] PluginManager:220 - loadIPPluginJar : add dma
2023-12-10 15:14:17,363 [INFO] IPUIPlugin:80 - create IPUIPlugin
2023-12-10 15:14:17,363 [INFO] PluginManager:220 - loadIPPluginJar : add dma3
2023-12-10 15:14:17,365 [INFO] IPUIPlugin:80 - create IPUIPlugin
2023-12-10 15:14:17,366 [INFO] PluginManager:220 - loadIPPluginJar : add fatfs
2023-12-10 15:14:17,374 [INFO] IPUIPlugin:80 - create IPUIPlugin
2023-12-10 15:14:17,374 [INFO] PluginManager:220 - loadIPPluginJar : add fmc
2023-12-10 15:14:17,382 [INFO] IPUIPlugin:80 - create IPUIPlugin
2023-12-10 15:14:17,382 [INFO] PluginManager:220 - loadIPPluginJar : add freertos
2023-12-10 15:14:17,383 [INFO] IPUIPlugin:80 - create IPUIPlugin
2023-12-10 15:14:17,384 [INFO] PluginManager:220 - loadIPPluginJar : add genericplugin
2023-12-10 15:14:17,385 [INFO] IPUIPlugin:80 - create IPUIPlugin
2023-12-10 15:14:17,386 [INFO] PluginManager:220 - loadIPPluginJar : add gfxmmu
2023-12-10 15:14:17,390 [INFO] IPUIPlugin:80 - create IPUIPlugin
2023-12-10 15:14:17,391 [INFO] PluginManager:220 - loadIPPluginJar : add gic
2023-12-10 15:14:17,396 [INFO] IPUIPlugin:80 - create IPUIPlugin
2023-12-10 15:14:17,396 [INFO] PluginManager:220 - loadIPPluginJar : add gpio
2023-12-10 15:14:17,400 [INFO] IPUIPlugin:80 - create IPUIPlugin
2023-12-10 15:14:17,400 [INFO] PluginManager:220 - loadIPPluginJar : add gtzc
2023-12-10 15:14:17,404 [INFO] IPUIPlugin:80 - create IPUIPlugin
2023-12-10 15:14:17,404 [INFO] PluginManager:220 - loadIPPluginJar : add hash
2023-12-10 15:14:17,408 [INFO] IPUIPlugin:80 - create IPUIPlugin
2023-12-10 15:14:17,408 [INFO] PluginManager:220 - loadIPPluginJar : add i2c
2023-12-10 15:14:17,411 [INFO] IPUIPlugin:80 - create IPUIPlugin
2023-12-10 15:14:17,411 [INFO] PluginManager:220 - loadIPPluginJar : add i2s
2023-12-10 15:14:17,413 [INFO] IPUIPlugin:80 - create IPUIPlugin
2023-12-10 15:14:17,413 [INFO] PluginManager:220 - loadIPPluginJar : add i3c
2023-12-10 15:14:17,416 [INFO] IPUIPlugin:80 - create IPUIPlugin
2023-12-10 15:14:17,416 [INFO] PluginManager:220 - loadIPPluginJar : add ipddr
2023-12-10 15:14:17,422 [INFO] IPUIPlugin:80 - create IPUIPlugin
2023-12-10 15:14:17,422 [INFO] PluginManager:220 - loadIPPluginJar : add linkedlist
2023-12-10 15:14:17,426 [INFO] IPUIPlugin:80 - create IPUIPlugin
2023-12-10 15:14:17,426 [INFO] PluginManager:220 - loadIPPluginJar : add lorawan
2023-12-10 15:14:17,428 [INFO] IPUIPlugin:80 - create IPUIPlugin
2023-12-10 15:14:17,428 [INFO] PluginManager:220 - loadIPPluginJar : add ltdc
2023-12-10 15:14:17,438 [INFO] IPUIPlugin:80 - create IPUIPlugin
2023-12-10 15:14:17,438 [INFO] PluginManager:220 - loadIPPluginJar : add mdma
2023-12-10 15:14:17,443 [INFO] IPUIPlugin:80 - create IPUIPlugin
2023-12-10 15:14:17,443 [INFO] PluginManager:220 - loadIPPluginJar : add nvic
2023-12-10 15:14:17,448 [INFO] IPUIPlugin:80 - create IPUIPlugin
2023-12-10 15:14:17,448 [INFO] PluginManager:220 - loadIPPluginJar : add opamp
2023-12-10 15:14:17,451 [INFO] IPUIPlugin:80 - create IPUIPlugin
2023-12-10 15:14:17,451 [INFO] PluginManager:220 - loadIPPluginJar : add openamp
2023-12-10 15:14:17,453 [INFO] IPUIPlugin:80 - create IPUIPlugin
2023-12-10 15:14:17,454 [INFO] PluginManager:220 - loadIPPluginJar : add pdm2pcm
2023-12-10 15:14:17,460 [INFO] IPUIPlugin:80 - create IPUIPlugin
2023-12-10 15:14:17,464 [INFO] PluginManager:220 - loadIPPluginJar : add plateformsettings
2023-12-10 15:14:17,466 [INFO] IPUIPlugin:80 - create IPUIPlugin
2023-12-10 15:14:17,467 [INFO] PluginManager:220 - loadIPPluginJar : add quadspi
2023-12-10 15:14:17,470 [INFO] IPUIPlugin:80 - create IPUIPlugin
2023-12-10 15:14:17,470 [INFO] PluginManager:220 - loadIPPluginJar : add resmgrutility
2023-12-10 15:14:17,474 [INFO] IPUIPlugin:80 - create IPUIPlugin
2023-12-10 15:14:17,474 [INFO] PluginManager:220 - loadIPPluginJar : add sai
2023-12-10 15:14:17,478 [INFO] IPUIPlugin:80 - create IPUIPlugin
2023-12-10 15:14:17,479 [INFO] PluginManager:220 - loadIPPluginJar : add spi
2023-12-10 15:14:17,485 [INFO] IPUIPlugin:80 - create IPUIPlugin
2023-12-10 15:14:17,485 [INFO] PluginManager:220 - loadIPPluginJar : add stm32_wpan
2023-12-10 15:14:17,487 [INFO] IPUIPlugin:80 - create IPUIPlugin
2023-12-10 15:14:17,487 [INFO] PluginManager:220 - loadIPPluginJar : add tim
2023-12-10 15:14:17,493 [INFO] IPUIPlugin:80 - create IPUIPlugin
2023-12-10 15:14:17,493 [INFO] PluginManager:220 - loadIPPluginJar : add touchsensing
2023-12-10 15:14:17,496 [INFO] IPUIPlugin:80 - create IPUIPlugin
2023-12-10 15:14:17,496 [INFO] PluginManager:220 - loadIPPluginJar : add tracer_emb
2023-12-10 15:14:17,498 [INFO] IPUIPlugin:80 - create IPUIPlugin
2023-12-10 15:14:17,498 [INFO] PluginManager:220 - loadIPPluginJar : add ts
2023-12-10 15:14:17,499 [INFO] IPUIPlugin:80 - create IPUIPlugin
2023-12-10 15:14:17,500 [INFO] PluginManager:220 - loadIPPluginJar : add tsc
2023-12-10 15:14:17,502 [INFO] IPUIPlugin:80 - create IPUIPlugin
2023-12-10 15:14:17,502 [INFO] PluginManager:220 - loadIPPluginJar : add ucpd
2023-12-10 15:14:17,505 [INFO] IPUIPlugin:80 - create IPUIPlugin
2023-12-10 15:14:17,505 [INFO] PluginManager:220 - loadIPPluginJar : add usart
2023-12-10 15:14:17,510 [INFO] IPUIPlugin:80 - create IPUIPlugin
2023-12-10 15:14:17,511 [INFO] PluginManager:220 - loadIPPluginJar : add usbx
2023-12-10 15:14:17,691 [INFO] CADModel:165 - CPN selected for project level
2023-12-10 15:14:17,691 [INFO] CADModel:114 - Register for checkConnection events
2023-12-10 15:14:17,692 [FATAL] Updater:308 - Updater called before beeing initialized
2023-12-10 15:14:17,693 [ERROR] CADModel:125 - Updater not yet initialized, retry later 
2023-12-10 15:14:17,894 [INFO] CADModel:165 - CPN selected for project level
2023-12-10 15:14:17,894 [INFO] CADModel:114 - Register for checkConnection events
2023-12-10 15:14:17,894 [FATAL] Updater:308 - Updater called before beeing initialized
2023-12-10 15:14:17,894 [ERROR] CADModel:125 - Updater not yet initialized, retry later 
2023-12-10 15:14:17,899 [FATAL] Updater:308 - Updater called before beeing initialized
2023-12-10 15:14:18,141 [FATAL] Updater:308 - Updater called before beeing initialized
2023-12-10 15:14:18,148 [INFO] DbMcusAds:53 - JSON generation date=Tue Mar 07 10:50:55 EET 2023 (1678179055335)
2023-12-10 15:14:18,149 [FATAL] Updater:308 - Updater called before beeing initialized
2023-12-10 15:14:18,195 [WARN] DetailPanel:346 - Failed to get advertising image, set to default
2023-12-10 15:14:18,457 [FATAL] Updater:308 - Updater called before beeing initialized
2023-12-10 15:14:18,460 [FATAL] Updater:308 - Updater called before beeing initialized
2023-12-10 15:14:18,460 [FATAL] Updater:308 - Updater called before beeing initialized
2023-12-10 15:14:18,460 [WARN] DetailPanel:346 - Failed to get advertising image, set to default
2023-12-10 15:14:18,461 [FATAL] Updater:308 - Updater called before beeing initialized
2023-12-10 15:14:18,523 [ERROR] Updater:1120 - MainUpdater not yet initialized. External WinMGr cannot be set.
2023-12-10 15:14:18,526 [INFO] Updater:1056 - Updater Version found : 6.9.1
2023-12-10 15:14:18,553 [INFO] ApplicationProperties:184 - Using Application install path: C:\ST\STM32CubeIDE_1.13.1\STM32CubeIDE\plugins\com.st.stm32cube.common.mx_6.9.1.202307191849
2023-12-10 15:14:19,177 [INFO] MainUpdater:2868 - connection check result : 10
2023-12-10 15:14:19,178 [INFO] MainUpdater:285 - Updater Check For Update Now.
2023-12-10 15:14:19,178 [INFO] MicroXplorer:498 - Change Database Version : DB.6.0.91
2023-12-10 15:14:19,185 [INFO] McuFinderGlobals:63 - Set McuFinder mode to 2 (CubeIDE integrated)
2023-12-10 15:14:19,359 [WARN] MainUpdater:1189 - Updater busy. Cannot search thirdparties
2023-12-10 15:14:19,360 [INFO] ThirdPartyUpdaterWithRetryManager:96 - Updater plugin is busy. [1/15]
2023-12-10 15:14:19,471 [INFO] CheckServerUpdateThread:120 - End of CheckServer Thread
2023-12-10 15:14:22,550 [WARN] PackLoader:240 - Cannot read IP mode file for STMicroelectronics.X-CUBE-SMBUS.2.1.0
2023-12-10 15:14:22,597 [WARN] PackLoader:240 - Cannot read IP mode file for STMicroelectronics.X-CUBE-AZRTOS-F7.1.1.0
2023-12-10 15:14:22,628 [WARN] PackLoader:240 - Cannot read IP mode file for STMicroelectronics.FP-SNS-MOTENV1.4.3.2
2023-12-10 15:14:22,637 [WARN] PackLoader:240 - Cannot read IP mode file for STMicroelectronics.FP-SNS-FLIGHT1.5.0.2
2023-12-10 15:14:22,647 [WARN] PackLoader:240 - Cannot read IP mode file for STMicroelectronics.X-CUBE-DISPLAY.3.0.0
2023-12-10 15:14:22,671 [WARN] PackLoader:240 - Cannot read IP mode file for STMicroelectronics.X-CUBE-BLE1.7.0.0
2023-12-10 15:14:22,679 [WARN] PackLoader:240 - Cannot read IP mode file for emotas.I-CUBE-CANOPEN.1.3.0
2023-12-10 15:14:22,686 [WARN] PackLoader:240 - Cannot read IP mode file for STMicroelectronics.X-CUBE-TOUCHGFX.4.22.0
2023-12-10 15:14:22,690 [WARN] PackLoader:240 - Cannot read IP mode file for STMicroelectronics.X-CUBE-TOUCHGFX.4.22.1
2023-12-10 15:14:22,696 [WARN] PackLoader:240 - Cannot read IP mode file for STMicroelectronics.FP-SNS-SMARTAG2.1.2.0
2023-12-10 15:14:22,711 [INFO] LogOutputStream:77 - [STDOUT_REDIRECT] 1 : Invalid condition id : UX_CORESTACK_Condition cause : null
2023-12-10 15:14:22,712 [INFO] LogOutputStream:77 - [STDOUT_REDIRECT] 1 : Invalid condition id : UX_CORESTACK_Condition cause : null
2023-12-10 15:14:22,713 [INFO] LogOutputStream:77 - [STDOUT_REDIRECT] 1 : Invalid condition id : UX_CORESTACK_Condition cause : null
2023-12-10 15:14:22,716 [INFO] LogOutputStream:77 - [STDOUT_REDIRECT] 1 : Invalid condition id : UX_CORESTACK_Condition cause : null
2023-12-10 15:14:22,717 [INFO] LogOutputStream:77 - [STDOUT_REDIRECT] 1 : Invalid condition id : UX_CORESTACK_Condition cause : null
2023-12-10 15:14:22,723 [WARN] PackLoader:240 - Cannot read IP mode file for STMicroelectronics.X-CUBE-AZRTOS-WL.2.0.0
2023-12-10 15:14:22,740 [WARN] PackLoader:240 - Cannot read IP mode file for WES.I-CUBE-Cesium.1.3.0
2023-12-10 15:14:22,836 [WARN] PackLoader:240 - Cannot read IP mode file for STMicroelectronics.X-CUBE-BLE2.3.3.0
2023-12-10 15:14:22,844 [WARN] PackLoader:240 - Cannot read IP mode file for STMicroelectronics.X-CUBE-ALGOBUILD.1.3.0
2023-12-10 15:14:22,875 [WARN] PackLoader:240 - Cannot read IP mode file for STMicroelectronics.X-CUBE-AZRTOS-G0.1.1.0
2023-12-10 15:14:22,885 [WARN] PackLoader:240 - Cannot read IP mode file for STMicroelectronics.X-CUBE-NFC4.3.0.0
2023-12-10 15:14:22,901 [WARN] PackLoader:240 - Cannot read IP mode file for STMicroelectronics.X-CUBE-BLEMGR.3.0.0
2023-12-10 15:14:22,910 [WARN] PackLoader:240 - Cannot read IP mode file for STMicroelectronics.FP-ATR-SIGFOX1.3.2.0
2023-12-10 15:14:22,973 [WARN] PackLoader:240 - Cannot read IP mode file for SEGGER.I-CUBE-embOS.1.3.1
2023-12-10 15:14:23,070 [WARN] PackLoader:240 - Cannot read IP mode file for STMicroelectronics.X-CUBE-GNSS1.6.0.0
2023-12-10 15:14:23,117 [WARN] PackLoader:240 - Cannot read IP mode file for STMicroelectronics.X-CUBE-AZRTOS-F4.1.1.0
2023-12-10 15:14:23,130 [WARN] PackLoader:240 - Cannot read IP mode file for wolfSSL.I-CUBE-wolfSSL.5.6.3
2023-12-10 15:14:23,155 [WARN] PackLoader:240 - Cannot read IP mode file for STMicroelectronics.X-CUBE-AZRTOS-L5.2.0.0
2023-12-10 15:14:23,265 [WARN] PackLoader:240 - Cannot read IP mode file for STMicroelectronics.X-CUBE-MEMS1.9.6.0
2023-12-10 15:14:23,469 [WARN] PackLoader:240 - Cannot read IP mode file for STMicroelectronics.X-CUBE-EEPRMA1.4.2.0
2023-12-10 15:14:23,475 [WARN] PackLoader:240 - Cannot read IP mode file for ITTIA_DB.I-CUBE-ITTIADB.8.8.0
2023-12-10 15:14:23,485 [WARN] PackLoader:240 - Cannot read IP mode file for STMicroelectronics.X-CUBE-BLEMGR.2.0.0
2023-12-10 15:14:23,509 [WARN] ConditionMgr:438 - getConditionDescription Invalid condition id : UX DEVICE CLASS RTOS Condition cause : null
2023-12-10 15:14:23,510 [WARN] ConditionMgr:438 - getConditionDescription Invalid condition id : UX DEVICE CLASS RTOS Condition cause : null
2023-12-10 15:14:23,513 [WARN] PackLoader:240 - Cannot read IP mode file for STMicroelectronics.X-CUBE-AZRTOS-H7.3.1.0
2023-12-10 15:14:23,514 [WARN] ConditionMgr:1039 - genDependencies : Invalid condition id : UX DEVICE CLASS RTOS Condition cause : null
2023-12-10 15:14:23,515 [WARN] ConditionMgr:1039 - genDependencies : Invalid condition id : UX DEVICE CLASS RTOS Condition cause : null
2023-12-10 15:14:23,515 [WARN] ConditionMgr:1039 - genDependencies : Invalid condition id : UX DEVICE CLASS RTOS Condition cause : null
2023-12-10 15:14:23,516 [WARN] ConditionMgr:1039 - genDependencies : Invalid condition id : UX DEVICE CLASS RTOS Condition cause : null
2023-12-10 15:14:23,516 [WARN] ConditionMgr:1039 - genDependencies : Invalid condition id : UX DEVICE CLASS RTOS Condition cause : null
2023-12-10 15:14:23,522 [WARN] PackLoader:240 - Cannot read IP mode file for STMicroelectronics.X-CUBE-NFC7.1.0.1
2023-12-10 15:14:23,532 [WARN] PackLoader:240 - Cannot read IP mode file for STMicroelectronics.X-CUBE-NFC6.3.0.0
2023-12-10 15:14:23,541 [WARN] PackLoader:240 - Cannot read IP mode file for STMicroelectronics.X-CUBE-EEPRMA1.4.1.0
2023-12-10 15:14:23,548 [WARN] PackLoader:240 - Cannot read IP mode file for STMicroelectronics.X-CUBE-AI.8.1.0
2023-12-10 15:14:23,568 [WARN] ConditionMgr:438 - getConditionDescription Invalid condition id : LAN8742 Phy interface Condition cause : null
2023-12-10 15:14:23,569 [WARN] PackLoader:240 - Cannot read IP mode file for STMicroelectronics.X-CUBE-AZRTOS-L4.2.0.0
2023-12-10 15:14:23,570 [WARN] ConditionMgr:1039 - genDependencies : Invalid condition id : LAN8742 Phy interface Condition cause : null
2023-12-10 15:14:23,570 [WARN] ConditionMgr:1039 - genDependencies : Invalid condition id : LAN8742 Phy interface Condition cause : null
2023-12-10 15:14:23,571 [WARN] ConditionMgr:1039 - genDependencies : Invalid condition id : LAN8742 Phy interface Condition cause : null
2023-12-10 15:14:23,577 [WARN] PackLoader:240 - Cannot read IP mode file for STMicroelectronics.X-CUBE-SFXS2LP1.4.0.0
2023-12-10 15:14:23,584 [WARN] PackLoader:240 - Cannot read IP mode file for STMicroelectronics.X-CUBE-ISPU.1.1.0
2023-12-10 15:14:23,606 [WARN] ConditionMgr:438 - getConditionDescription Invalid condition id : UX DEVICE CLASS RTOS Condition cause : null
2023-12-10 15:14:23,607 [WARN] ConditionMgr:438 - getConditionDescription Invalid condition id : UX DEVICE CLASS RTOS Condition cause : null
2023-12-10 15:14:23,611 [WARN] PackLoader:240 - Cannot read IP mode file for STMicroelectronics.X-CUBE-AZRTOS-WB.2.0.0
2023-12-10 15:14:23,612 [WARN] ConditionMgr:1039 - genDependencies : Invalid condition id : UX DEVICE CLASS RTOS Condition cause : null
2023-12-10 15:14:23,612 [WARN] ConditionMgr:1039 - genDependencies : Invalid condition id : UX DEVICE CLASS RTOS Condition cause : null
2023-12-10 15:14:23,613 [WARN] ConditionMgr:1039 - genDependencies : Invalid condition id : UX DEVICE CLASS RTOS Condition cause : null
2023-12-10 15:14:23,613 [WARN] ConditionMgr:1039 - genDependencies : Invalid condition id : UX DEVICE CLASS RTOS Condition cause : null
2023-12-10 15:14:23,613 [WARN] ConditionMgr:1039 - genDependencies : Invalid condition id : UX DEVICE CLASS RTOS Condition cause : null
2023-12-10 15:14:23,624 [WARN] PackLoader:240 - Cannot read IP mode file for STMicroelectronics.X-CUBE-FREERTOS.1.0.1
2023-12-10 15:14:23,640 [WARN] PackLoader:240 - Cannot read IP mode file for STMicroelectronics.X-CUBE-SUBG2.5.0.0
2023-12-10 15:14:23,663 [WARN] PackLoader:240 - Cannot read IP mode file for STMicroelectronics.X-CUBE-TOF1.3.3.1
2023-12-10 15:14:23,688 [WARN] PackLoader:240 - Cannot read IP mode file for STMicroelectronics.X-CUBE-AZRTOS-G4.2.0.0
2023-12-10 15:14:23,704 [WARN] PackLoader:240 - Cannot read IP mode file for Infineon.AIROC-Wi-Fi-Bluetooth-STM32.1.5.1
2023-12-10 15:14:23,712 [WARN] PackLoader:240 - Cannot read IP mode file for STMicroelectronics.FP-SNS-MOTENVWB1.1.3.0
2023-12-10 15:14:23,719 [WARN] PackLoader:240 - Cannot read IP mode file for STMicroelectronics.FP-SNS-MOTENVWB1.1.3.1
2023-12-10 15:14:23,723 [WARN] PackLoader:240 - Cannot read IP mode file for STMicroelectronics.X-CUBE-ISPU.2.0.0
2023-12-10 15:14:23,770 [WARN] PackLoader:240 - Cannot read IP mode file for STMicroelectronics.X-CUBE-MEMS1.10.0.0
2023-12-10 15:14:23,929 [WARN] PackLoader:240 - Cannot read IP mode file for STMicroelectronics.X-CUBE-FREERTOS.1.1.0
2023-12-10 15:14:23,938 [WARN] PackLoader:240 - Cannot read IP mode file for portGmbH.I-Cube-SoM-uGOAL.1.1.0
2023-12-10 15:14:23,945 [WARN] PackLoader:240 - Cannot read IP mode file for STMicroelectronics.X-CUBE-ALS.1.0.1
2023-12-10 15:14:23,952 [WARN] PackLoader:240 - Cannot read IP mode file for STMicroelectronics.FP-ATR-ASTRA1.2.0.0
2023-12-10 15:14:23,963 [WARN] PackLoader:240 - Cannot read IP mode file for STMicroelectronics.X-CUBE-TOF1.3.4.0
2023-12-10 15:14:23,997 [WARN] PackLoader:240 - Cannot read IP mode file for STMicroelectronics.X-CUBE-AZRTOS-H7.3.2.0
2023-12-10 15:14:24,000 [INFO] ThirdParty:978 - Integrity check success = true
2023-12-10 15:14:24,001 [INFO] IntegrityCheckThread:100 - exiting critical section [integrity check]
2023-12-10 15:14:24,001 [INFO] IntegrityCheckThread:103 - End integrity checks thread
2023-12-10 15:14:40,259 [ERROR] LogOutputStream:75 - [STDERR_REDIRECT] SLF4J: Failed to load class "org.slf4j.impl.StaticLoggerBinder".
2023-12-10 15:14:40,260 [ERROR] LogOutputStream:75 - [STDERR_REDIRECT] SLF4J: Defaulting to no-operation (NOP) logger implementation
2023-12-10 15:14:40,261 [ERROR] LogOutputStream:75 - [STDERR_REDIRECT] SLF4J: See http://www.slf4j.org/codes.html#StaticLoggerBinder for further details.
2023-12-10 15:14:59,130 [INFO] McuFinderGlobals:63 - Set McuFinder mode to 2 (CubeIDE integrated)
2023-12-10 15:14:59,191 [INFO] MainUpdater:2868 - connection check result : 10
2023-12-10 15:14:59,258 [INFO] McuFinderGlobals:76 - Set McuFinderConnectedMode to true
2023-12-10 15:14:59,889 [INFO] ServerAccessManage:473 - Download File mcusAds.json._tmp_
2023-12-10 15:15:00,005 [INFO] LoadUrlFilesThread:156 - End of LoadUrlFiles Thread
2023-12-10 15:15:00,405 [INFO] ServerAccessManage:473 - Download File cube-finder-db.zip
2023-12-10 15:15:26,284 [INFO] FileExtend:240 - Unzip File : cube-finder-db.zip
2023-12-10 15:15:26,285 [INFO] FileExtend:255 - Standard Zip Deflate
2023-12-10 15:15:32,032 [INFO] LoadUrlFilesThread:156 - End of LoadUrlFiles Thread
2023-12-10 15:15:32,962 [INFO] ServerAccessManage:473 - Download File crdb.zip
2023-12-10 15:15:33,634 [INFO] FileExtend:240 - Unzip File : crdb.zip
2023-12-10 15:15:33,635 [INFO] FileExtend:255 - Standard Zip Deflate
2023-12-10 15:15:33,776 [INFO] LoadUrlFilesThread:156 - End of LoadUrlFiles Thread
2023-12-10 15:15:34,173 [INFO] ServerAccessManage:473 - Download File tutoVideoDB.zip
2023-12-10 15:15:34,373 [INFO] FileExtend:240 - Unzip File : tutoVideoDB.zip
2023-12-10 15:15:34,374 [INFO] FileExtend:255 - Standard Zip Deflate
2023-12-10 15:15:34,492 [INFO] LoadUrlFilesThread:156 - End of LoadUrlFiles Thread
2023-12-10 15:15:34,515 [WARN] DbFile:41 - Overriding database path with different value: C:\Users\MS\.stmcufinder\plugins\mcufinder/ => C:\Users\MS\.stmcufinder\plugins\mcufinder
2023-12-10 15:15:34,714 [INFO] ServerAccessManage:473 - Download File api_config.json
2023-12-10 15:15:34,822 [INFO] LoadUrlFilesThread:156 - End of LoadUrlFiles Thread
2023-12-10 15:15:34,823 [INFO] DbMcusAds:53 - JSON generation date=Wed Nov 29 12:52:38 EET 2023 (1701255158764)
2023-12-10 15:15:35,318 [INFO] ServerAccessManage:473 - Download File 
2023-12-10 15:15:35,444 [INFO] LoadUrlFilesThread:185 - End of LoadServerUrlFiles without Thread
2023-12-10 15:15:35,444 [INFO] TargetSelectorAdapter:259 - Refresh data is successful
2023-12-10 15:15:35,696 [INFO] ApiDb:581 - Connected to CubeFinder SQLite database (C:\Users\MS\.stmcufinder\plugins\mcufinder\mcu\cube-finder-db.db)
2023-12-10 15:15:35,782 [INFO] ApiDb:668 - CubeFinder database Data Model version=2.1
2023-12-10 15:15:35,782 [INFO] ApiDb:669 - CubeFinder database Configuration version=3.0.39
2023-12-10 15:15:35,782 [INFO] ApiDb:670 - CubeFinder database generation date=2023-11-06 (1699269565)
2023-12-10 15:15:35,783 [INFO] ApiDb:671 - CubeFinder database FW Pack versions=[FP-ATR-ASTRA1_V2.0.0, FP-SNS-FLIGHT1_V5.0.1, FP-SNS-FLIGHT1_V5.0.2, FP-SNS-MOTENV1_V4.3.1, FP-SNS-MOTENV1_V4.3.2, FP-SNS-MOTENVWB1_V1.3.0, FP-SNS-SMARTAG2_V1.2.0, STM32Cube_FW_C0_V1.1.0, STM32Cube_FW_F4_V1.28.0, STM32Cube_FW_F7_V1.17.0, STM32Cube_FW_G0_V1.6.1, STM32Cube_FW_G4_V1.5.1, STM32Cube_FW_H5_V0.5.1, STM32Cube_FW_H5_V1.1.1, STM32Cube_FW_H5_V1.2.0RC2, STM32Cube_FW_H7_V1.11.0, STM32Cube_FW_L0_V1.12.2, STM32Cube_FW_L5_V1.5.0, STM32Cube_FW_U5_V1.3.0RC4, STM32Cube_FW_U5_V1.4.0, STM32Cube_FW_WBA_V1.0.0RC1, STM32Cube_FW_WBA_V1.1.0RC1, STM32Cube_FW_WBA_V1.2.0, STM32Cube_FW_WBA_V1.2.0RC2, STM32Cube_FW_WB_V1.15.0RC1, STM32Cube_FW_WB_V1.16.0, STM32Cube_FW_WB_V1.16.0RC2, STM32Cube_FW_WB_V1.18.0, STM32Cube_FW_WL_V1.3.0, X-CUBE-ALGOBUILD_V1.3.0, X-CUBE-ALS_V1.0.1, X-CUBE-AZRTOS-F4_V1.1.0, X-CUBE-AZRTOS-F7_V1.1.0, X-CUBE-AZRTOS-G0_V1.1.0, X-CUBE-AZRTOS-G4_V2.0.0, X-CUBE-AZRTOS-H7_V3.1.0, X-CUBE-AZRTOS-L4_V1.0.0, X-CUBE-AZRTOS-L4_V2.0.0, X-CUBE-AZRTOS-L5_V1.1.0, X-CUBE-AZRTOS-WB_V2.0.0, X-CUBE-AZRTOS-WL_V2.0.0, X-CUBE-BLE1_V7.0.0, X-CUBE-BLE2_V3.3.0, X-CUBE-BLEMGR_V2.0.0, X-CUBE-EEPRMA1_V4.1.0, X-CUBE-EEPRMA1_V4.2.0, X-CUBE-FREERTOS_V1.1.0, X-CUBE-GNSS1_V6.0.0, X-CUBE-MEMS1_V10.0.0, X-CUBE-MEMS1_V9.1.0, X-CUBE-MEMS1_V9.4.0, X-CUBE-MEMS1_V9.6.0, X-CUBE-NFC4_V3.0.0, X-CUBE-NFC7_V1.0.1, X-CUBE-SFXS2LP1_V4.0.0, X-CUBE-SUBG2_V5.0.0, X-CUBE-TOF1_V3.3.1]
2023-12-10 15:15:38,253 [INFO] ApiDb:240 - Found 323 in-development CPN: [B-G473E-ZEST1S, B-WB1M-WPAN1, B-WL5M-SUBG1, NUCLEO-C031C6, NUCLEO-H503RB, NUCLEO-H563ZI, NUCLEO-U545RE-Q, NUCLEO-U5A5ZJ-Q, NUCLEO-WBA52CG, STEVAL-PROTEUS1, STEVAL-SMARTAG2, STEVAL-STWINBX1, STM320518-EVAL, STM32C0116-DK, STM32C011D6Y3TR, STM32C011D6Y6TR, STM32C011F4P3, STM32C011F4P6, STM32C011F4U3, STM32C011F4U6TR, STM32C011F6P3, STM32C011F6P6, STM32C011F6U3, STM32C011F6U6TR, STM32C011J4M3, STM32C011J4M6, STM32C011J6M3, STM32C011J6M6, STM32C0316-DK, STM32C031C4T3, STM32C031C4T6, STM32C031C4U3, STM32C031C4U6, STM32C031C6T3, STM32C031C6T6, STM32C031C6U3, STM32C031C6U6, STM32C031F4P3, STM32C031F4P6, STM32C031F6P3, STM32C031F6P6, STM32C031G4U3, STM32C031G4U6, STM32C031G6U3, STM32C031G6U6, STM32C031K4T3, STM32C031K4T6, STM32C031K4U3, STM32C031K4U6, STM32C031K6T3, STM32C031K6T6, STM32C031K6U3, STM32C031K6U6, STM32G071K8TXN, STM32G071K8UXN, STM32G081GBU6N, STM32G081KBT6N, STM32G081KBUXN, STM32G0B1CCT6N, STM32G0B1KCT6, STM32G0B1NEY6TR, STM32G0B1RCT6N, STM32G0C1CCT6, STM32G0C1CCT6N, STM32G0C1CCU6N, STM32G0C1CET6N, STM32G0C1CEU6N, STM32G0C1KCT6, STM32G0C1NEY6TR, STM32G0C1RCI6N, STM32G0C1RCT6N, STM32G0C1REI6N, STM32G0C1RET6N, STM32G0C1VCI6, STM32G0C1VEI6, STM32G471CCT6, STM32G471CCU6, STM32G471CET3, STM32G471CET6, STM32G471CEU3, STM32G471CEU6, STM32G471MCT6, STM32G471MET3, STM32G471MET6, STM32G471MEY6TR, STM32G471QCT6, STM32G471QET3, STM32G471RCT6, STM32G471RET3, STM32G471RET6, STM32G471VCH6, STM32G471VCI6, STM32G471VCT6, STM32G471VEH3, STM32G471VEH6, STM32G471VEI3, STM32G471VEI6, STM32G471VET3, STM32G471VET6, STM32G474CCT6, STM32H503CBT6, STM32H503CBU6, STM32H503EBY6TR, STM32H503KBU6, STM32H503RBT6, STM32H562AGI6, STM32H562AII6, STM32H562IGK6, STM32H562IGT6, STM32H562IIK6, STM32H562IIT6, STM32H562RGT6, STM32H562RGV6, STM32H562RIT6, STM32H562RIV6, STM32H562VGT6, STM32H562VIT6, STM32H562ZGT6, STM32H562ZIT6, STM32H563AGI6, STM32H563AII3Q, STM32H563AII6, STM32H563IGK6, STM32H563IGT6, STM32H563IIK3Q, STM32H563IIK6, STM32H563IIT3Q, STM32H563IIT6, STM32H563MIY3QTR, STM32H563RGT6, STM32H563RGV6, STM32H563RIT6, STM32H563RIV6, STM32H563VGT6, STM32H563VIT3Q, STM32H563VIT6, STM32H563ZGT6, STM32H563ZIT3Q, STM32H563ZIT6, STM32H573AII3Q, STM32H573AII6, STM32H573I-DK, STM32H573IIK3Q, STM32H573IIK6, STM32H573IIT3Q, STM32H573IIT6, STM32H573MIY3QTR, STM32H573RIT6, STM32H573RIV6, STM32H573VIT3Q, STM32H573VIT6, STM32H573ZIT3Q, STM32H573ZIT6, STM32L4R5QGI6STR, STM32MP131AAE3, STM32MP131AAF3, STM32MP131AAG3, STM32MP131CAE3, STM32MP131CAF3, STM32MP131CAG3, STM32MP131DAE7, STM32MP131DAF7, STM32MP131DAG7, STM32MP131FAE7, STM32MP131FAF7, STM32MP131FAG7, STM32MP133AAE3, STM32MP133AAF3, STM32MP133AAG3, STM32MP133CAE3, STM32MP133CAF3, STM32MP133CAG3, STM32MP133DAE7, STM32MP133DAF7, STM32MP133DAG7, STM32MP133FAE7, STM32MP133FAF7, STM32MP133FAG7, STM32MP135AAE3, STM32MP135AAF3, STM32MP135AAG3, STM32MP135CAE3, STM32MP135CAF3, STM32MP135CAG3, STM32MP135DAE7, STM32MP135DAF7, STM32MP135DAG7, STM32MP135F-DK, STM32MP135FAE7, STM32MP135FAF7, STM32MP135FAF7T, STM32MP135FAF7U, STM32MP135FAG7, STM32U535CBT6, STM32U535CBT6Q, STM32U535CBU6, STM32U535CBU6Q, STM32U535CCT6, STM32U535CCT6Q, STM32U535CCU6, STM32U535CCU6Q, STM32U535CET6, STM32U535CET6Q, STM32U535CEU6, STM32U535CEU6Q, STM32U535JEY6QTR, STM32U535NCY6QTR, STM32U535NEY6QTR, STM32U535RBI6, STM32U535RBI6Q, STM32U535RBT6, STM32U535RBT6Q, STM32U535RCI6, STM32U535RCI6Q, STM32U535RCT6, STM32U535RCT6Q, STM32U535REI6, STM32U535REI6Q, STM32U535RET6, STM32U535RET6Q, STM32U535VCI6, STM32U535VCI6Q, STM32U535VCT6, STM32U535VCT6Q, STM32U535VEI6, STM32U535VEI6Q, STM32U535VET6, STM32U535VET6Q, STM32U545CET6, STM32U545CET6Q, STM32U545CEU6, STM32U545CEU6Q, STM32U545JEY6QTR, STM32U545NEY6QTR, STM32U545REI6, STM32U545REI6Q, STM32U545RET6, STM32U545RET6Q, STM32U545VEI6, STM32U545VEI6Q, STM32U545VET6, STM32U545VET6Q, STM32U595AIH6, STM32U595AIH6Q, STM32U595AJH6, STM32U595AJH6Q, STM32U595QII6, STM32U595QII6Q, STM32U595QJI6, STM32U595QJI6Q, STM32U595RIT6, STM32U595RIT6Q, STM32U595RJT6, STM32U595RJT6Q, STM32U595VIT6, STM32U595VIT6Q, STM32U595VJT6, STM32U595VJT6Q, STM32U595ZIT6, STM32U595ZIT6Q, STM32U595ZIY6QTR, STM32U595ZJT6, STM32U595ZJT6Q, STM32U595ZJY6QTR, STM32U599BJY6QTR, STM32U599NIH6Q, STM32U599NJH6Q, STM32U599VIT6Q, STM32U599VJT6, STM32U599VJT6Q, STM32U599ZIT6Q, STM32U599ZIY6QTR, STM32U599ZJT6Q, STM32U599ZJY6QTR, STM32U5A5AJH6, STM32U5A5AJH6Q, STM32U5A5QJI6, STM32U5A5QJI6Q, STM32U5A5RJT6, STM32U5A5RJT6Q, STM32U5A5VJT6, STM32U5A5VJT6Q, STM32U5A5ZJT6, STM32U5A5ZJT6Q, STM32U5A5ZJY6QTR, STM32U5A9BJY6QTR, STM32U5A9J-DK, STM32U5A9NJH6Q, STM32U5A9VJT6Q, STM32U5A9ZJT6Q, STM32U5A9ZJY6QTR, STM32U5F7VIT6, STM32U5F7VIT6Q, STM32U5F7VJT6, STM32U5F7VJT6Q, STM32U5F9BJY6QTR, STM32U5F9NJH6Q, STM32U5F9VIT6Q, STM32U5F9VJT6Q, STM32U5F9ZIJ6QTR, STM32U5F9ZIT6Q, STM32U5F9ZJJ6QTR, STM32U5F9ZJT6Q, STM32U5G7VJT6, STM32U5G7VJT6Q, STM32U5G9BJY6QTR, STM32U5G9J-DK1, STM32U5G9J-DK2, STM32U5G9NJH6Q, STM32U5G9VJT6Q, STM32U5G9ZJJ6QTR, STM32U5G9ZJT6Q, STM32WB1MMCH6, STM32WBA52CEU6, STM32WBA52CEU6T, STM32WBA52CGU6, STM32WBA52CGU6T, STM32WBA52KEU6, STM32WBA52KEU6T, STM32WBA52KGU6, STM32WBA52KGU6T, STM32WL5MOCH6, STM32WL5MOCH6TR]
2023-12-10 15:15:38,259 [INFO] DbMcus:217 - Found 3882 MCUs, 3882 are supported
2023-12-10 15:15:38,266 [INFO] ApiDb:423 - Load user favorites file C:\Users\MS/.stm32cubeide/favorites.mcus.txt: 1 item(s)
2023-12-10 15:15:38,267 [INFO] ApiDb:427 - User favorites MCUs=[STM32F401VET6]
2023-12-10 15:15:38,267 [INFO] DbMcus:223 - Set 1 / 1 favorites MCUs
2023-12-10 15:15:38,577 [INFO] ApiDb:668 - CubeFinder database Data Model version=2.1
2023-12-10 15:15:38,577 [INFO] ApiDb:669 - CubeFinder database Configuration version=3.0.39
2023-12-10 15:15:38,577 [INFO] ApiDb:670 - CubeFinder database generation date=2023-11-06 (1699269565)
2023-12-10 15:15:38,577 [INFO] ApiDb:671 - CubeFinder database FW Pack versions=[FP-ATR-ASTRA1_V2.0.0, FP-SNS-FLIGHT1_V5.0.1, FP-SNS-FLIGHT1_V5.0.2, FP-SNS-MOTENV1_V4.3.1, FP-SNS-MOTENV1_V4.3.2, FP-SNS-MOTENVWB1_V1.3.0, FP-SNS-SMARTAG2_V1.2.0, STM32Cube_FW_C0_V1.1.0, STM32Cube_FW_F4_V1.28.0, STM32Cube_FW_F7_V1.17.0, STM32Cube_FW_G0_V1.6.1, STM32Cube_FW_G4_V1.5.1, STM32Cube_FW_H5_V0.5.1, STM32Cube_FW_H5_V1.1.1, STM32Cube_FW_H5_V1.2.0RC2, STM32Cube_FW_H7_V1.11.0, STM32Cube_FW_L0_V1.12.2, STM32Cube_FW_L5_V1.5.0, STM32Cube_FW_U5_V1.3.0RC4, STM32Cube_FW_U5_V1.4.0, STM32Cube_FW_WBA_V1.0.0RC1, STM32Cube_FW_WBA_V1.1.0RC1, STM32Cube_FW_WBA_V1.2.0, STM32Cube_FW_WBA_V1.2.0RC2, STM32Cube_FW_WB_V1.15.0RC1, STM32Cube_FW_WB_V1.16.0, STM32Cube_FW_WB_V1.16.0RC2, STM32Cube_FW_WB_V1.18.0, STM32Cube_FW_WL_V1.3.0, X-CUBE-ALGOBUILD_V1.3.0, X-CUBE-ALS_V1.0.1, X-CUBE-AZRTOS-F4_V1.1.0, X-CUBE-AZRTOS-F7_V1.1.0, X-CUBE-AZRTOS-G0_V1.1.0, X-CUBE-AZRTOS-G4_V2.0.0, X-CUBE-AZRTOS-H7_V3.1.0, X-CUBE-AZRTOS-L4_V1.0.0, X-CUBE-AZRTOS-L4_V2.0.0, X-CUBE-AZRTOS-L5_V1.1.0, X-CUBE-AZRTOS-WB_V2.0.0, X-CUBE-AZRTOS-WL_V2.0.0, X-CUBE-BLE1_V7.0.0, X-CUBE-BLE2_V3.3.0, X-CUBE-BLEMGR_V2.0.0, X-CUBE-EEPRMA1_V4.1.0, X-CUBE-EEPRMA1_V4.2.0, X-CUBE-FREERTOS_V1.1.0, X-CUBE-GNSS1_V6.0.0, X-CUBE-MEMS1_V10.0.0, X-CUBE-MEMS1_V9.1.0, X-CUBE-MEMS1_V9.4.0, X-CUBE-MEMS1_V9.6.0, X-CUBE-NFC4_V3.0.0, X-CUBE-NFC7_V1.0.1, X-CUBE-SFXS2LP1_V4.0.0, X-CUBE-SUBG2_V5.0.0, X-CUBE-TOF1_V3.3.1]
2023-12-10 15:15:38,639 [INFO] DbBoardsSqlite:226 - include board P-NUCLEO-WB55-NUCLEO as a kit item of type 'Nucleo-64'
2023-12-10 15:15:38,640 [INFO] DbBoardsSqlite:226 - include board P-NUCLEO-WB55-USBDONGLE as a kit item of type 'Nucleo USB Dongle'
2023-12-10 15:15:38,640 [INFO] DbBoardsSqlite:226 - include board STEVAL-IDP005V1 as a kit item of type 'Evaluation Board'
2023-12-10 15:15:38,640 [INFO] DbBoardsSqlite:226 - include board STEVAL-IDP005V2 as a kit item of type 'Evaluation Board'
2023-12-10 15:15:38,698 [INFO] ApiDb:240 - Found 323 in-development CPN: [B-G473E-ZEST1S, B-WB1M-WPAN1, B-WL5M-SUBG1, NUCLEO-C031C6, NUCLEO-H503RB, NUCLEO-H563ZI, NUCLEO-U545RE-Q, NUCLEO-U5A5ZJ-Q, NUCLEO-WBA52CG, STEVAL-PROTEUS1, STEVAL-SMARTAG2, STEVAL-STWINBX1, STM320518-EVAL, STM32C0116-DK, STM32C011D6Y3TR, STM32C011D6Y6TR, STM32C011F4P3, STM32C011F4P6, STM32C011F4U3, STM32C011F4U6TR, STM32C011F6P3, STM32C011F6P6, STM32C011F6U3, STM32C011F6U6TR, STM32C011J4M3, STM32C011J4M6, STM32C011J6M3, STM32C011J6M6, STM32C0316-DK, STM32C031C4T3, STM32C031C4T6, STM32C031C4U3, STM32C031C4U6, STM32C031C6T3, STM32C031C6T6, STM32C031C6U3, STM32C031C6U6, STM32C031F4P3, STM32C031F4P6, STM32C031F6P3, STM32C031F6P6, STM32C031G4U3, STM32C031G4U6, STM32C031G6U3, STM32C031G6U6, STM32C031K4T3, STM32C031K4T6, STM32C031K4U3, STM32C031K4U6, STM32C031K6T3, STM32C031K6T6, STM32C031K6U3, STM32C031K6U6, STM32G071K8TXN, STM32G071K8UXN, STM32G081GBU6N, STM32G081KBT6N, STM32G081KBUXN, STM32G0B1CCT6N, STM32G0B1KCT6, STM32G0B1NEY6TR, STM32G0B1RCT6N, STM32G0C1CCT6, STM32G0C1CCT6N, STM32G0C1CCU6N, STM32G0C1CET6N, STM32G0C1CEU6N, STM32G0C1KCT6, STM32G0C1NEY6TR, STM32G0C1RCI6N, STM32G0C1RCT6N, STM32G0C1REI6N, STM32G0C1RET6N, STM32G0C1VCI6, STM32G0C1VEI6, STM32G471CCT6, STM32G471CCU6, STM32G471CET3, STM32G471CET6, STM32G471CEU3, STM32G471CEU6, STM32G471MCT6, STM32G471MET3, STM32G471MET6, STM32G471MEY6TR, STM32G471QCT6, STM32G471QET3, STM32G471RCT6, STM32G471RET3, STM32G471RET6, STM32G471VCH6, STM32G471VCI6, STM32G471VCT6, STM32G471VEH3, STM32G471VEH6, STM32G471VEI3, STM32G471VEI6, STM32G471VET3, STM32G471VET6, STM32G474CCT6, STM32H503CBT6, STM32H503CBU6, STM32H503EBY6TR, STM32H503KBU6, STM32H503RBT6, STM32H562AGI6, STM32H562AII6, STM32H562IGK6, STM32H562IGT6, STM32H562IIK6, STM32H562IIT6, STM32H562RGT6, STM32H562RGV6, STM32H562RIT6, STM32H562RIV6, STM32H562VGT6, STM32H562VIT6, STM32H562ZGT6, STM32H562ZIT6, STM32H563AGI6, STM32H563AII3Q, STM32H563AII6, STM32H563IGK6, STM32H563IGT6, STM32H563IIK3Q, STM32H563IIK6, STM32H563IIT3Q, STM32H563IIT6, STM32H563MIY3QTR, STM32H563RGT6, STM32H563RGV6, STM32H563RIT6, STM32H563RIV6, STM32H563VGT6, STM32H563VIT3Q, STM32H563VIT6, STM32H563ZGT6, STM32H563ZIT3Q, STM32H563ZIT6, STM32H573AII3Q, STM32H573AII6, STM32H573I-DK, STM32H573IIK3Q, STM32H573IIK6, STM32H573IIT3Q, STM32H573IIT6, STM32H573MIY3QTR, STM32H573RIT6, STM32H573RIV6, STM32H573VIT3Q, STM32H573VIT6, STM32H573ZIT3Q, STM32H573ZIT6, STM32L4R5QGI6STR, STM32MP131AAE3, STM32MP131AAF3, STM32MP131AAG3, STM32MP131CAE3, STM32MP131CAF3, STM32MP131CAG3, STM32MP131DAE7, STM32MP131DAF7, STM32MP131DAG7, STM32MP131FAE7, STM32MP131FAF7, STM32MP131FAG7, STM32MP133AAE3, STM32MP133AAF3, STM32MP133AAG3, STM32MP133CAE3, STM32MP133CAF3, STM32MP133CAG3, STM32MP133DAE7, STM32MP133DAF7, STM32MP133DAG7, STM32MP133FAE7, STM32MP133FAF7, STM32MP133FAG7, STM32MP135AAE3, STM32MP135AAF3, STM32MP135AAG3, STM32MP135CAE3, STM32MP135CAF3, STM32MP135CAG3, STM32MP135DAE7, STM32MP135DAF7, STM32MP135DAG7, STM32MP135F-DK, STM32MP135FAE7, STM32MP135FAF7, STM32MP135FAF7T, STM32MP135FAF7U, STM32MP135FAG7, STM32U535CBT6, STM32U535CBT6Q, STM32U535CBU6, STM32U535CBU6Q, STM32U535CCT6, STM32U535CCT6Q, STM32U535CCU6, STM32U535CCU6Q, STM32U535CET6, STM32U535CET6Q, STM32U535CEU6, STM32U535CEU6Q, STM32U535JEY6QTR, STM32U535NCY6QTR, STM32U535NEY6QTR, STM32U535RBI6, STM32U535RBI6Q, STM32U535RBT6, STM32U535RBT6Q, STM32U535RCI6, STM32U535RCI6Q, STM32U535RCT6, STM32U535RCT6Q, STM32U535REI6, STM32U535REI6Q, STM32U535RET6, STM32U535RET6Q, STM32U535VCI6, STM32U535VCI6Q, STM32U535VCT6, STM32U535VCT6Q, STM32U535VEI6, STM32U535VEI6Q, STM32U535VET6, STM32U535VET6Q, STM32U545CET6, STM32U545CET6Q, STM32U545CEU6, STM32U545CEU6Q, STM32U545JEY6QTR, STM32U545NEY6QTR, STM32U545REI6, STM32U545REI6Q, STM32U545RET6, STM32U545RET6Q, STM32U545VEI6, STM32U545VEI6Q, STM32U545VET6, STM32U545VET6Q, STM32U595AIH6, STM32U595AIH6Q, STM32U595AJH6, STM32U595AJH6Q, STM32U595QII6, STM32U595QII6Q, STM32U595QJI6, STM32U595QJI6Q, STM32U595RIT6, STM32U595RIT6Q, STM32U595RJT6, STM32U595RJT6Q, STM32U595VIT6, STM32U595VIT6Q, STM32U595VJT6, STM32U595VJT6Q, STM32U595ZIT6, STM32U595ZIT6Q, STM32U595ZIY6QTR, STM32U595ZJT6, STM32U595ZJT6Q, STM32U595ZJY6QTR, STM32U599BJY6QTR, STM32U599NIH6Q, STM32U599NJH6Q, STM32U599VIT6Q, STM32U599VJT6, STM32U599VJT6Q, STM32U599ZIT6Q, STM32U599ZIY6QTR, STM32U599ZJT6Q, STM32U599ZJY6QTR, STM32U5A5AJH6, STM32U5A5AJH6Q, STM32U5A5QJI6, STM32U5A5QJI6Q, STM32U5A5RJT6, STM32U5A5RJT6Q, STM32U5A5VJT6, STM32U5A5VJT6Q, STM32U5A5ZJT6, STM32U5A5ZJT6Q, STM32U5A5ZJY6QTR, STM32U5A9BJY6QTR, STM32U5A9J-DK, STM32U5A9NJH6Q, STM32U5A9VJT6Q, STM32U5A9ZJT6Q, STM32U5A9ZJY6QTR, STM32U5F7VIT6, STM32U5F7VIT6Q, STM32U5F7VJT6, STM32U5F7VJT6Q, STM32U5F9BJY6QTR, STM32U5F9NJH6Q, STM32U5F9VIT6Q, STM32U5F9VJT6Q, STM32U5F9ZIJ6QTR, STM32U5F9ZIT6Q, STM32U5F9ZJJ6QTR, STM32U5F9ZJT6Q, STM32U5G7VJT6, STM32U5G7VJT6Q, STM32U5G9BJY6QTR, STM32U5G9J-DK1, STM32U5G9J-DK2, STM32U5G9NJH6Q, STM32U5G9VJT6Q, STM32U5G9ZJJ6QTR, STM32U5G9ZJT6Q, STM32WB1MMCH6, STM32WBA52CEU6, STM32WBA52CEU6T, STM32WBA52CGU6, STM32WBA52CGU6T, STM32WBA52KEU6, STM32WBA52KEU6T, STM32WBA52KGU6, STM32WBA52KGU6T, STM32WL5MOCH6, STM32WL5MOCH6TR]
2023-12-10 15:15:38,879 [INFO] BoardInfo:880 - No configuration file found for board P-NUCLEO-WB55
2023-12-10 15:15:38,879 [INFO] DbBoards:157 - Kit is not supported: P-NUCLEO-WB55
2023-12-10 15:15:38,885 [INFO] BoardInfo:880 - No configuration file found for board STEVAL-BFA001V1B
2023-12-10 15:15:38,885 [INFO] DbBoards:157 - Kit is not supported: STEVAL-BFA001V1B
2023-12-10 15:15:38,886 [INFO] BoardInfo:880 - No configuration file found for board STEVAL-BFA001V2B
2023-12-10 15:15:38,886 [INFO] DbBoards:157 - Kit is not supported: STEVAL-BFA001V2B
2023-12-10 15:15:38,892 [INFO] BoardInfo:880 - No configuration file found for board STEVAL-MKBOXPRO
2023-12-10 15:15:38,892 [INFO] DbBoards:157 - Board is not supported: STEVAL-MKBOXPRO
2023-12-10 15:15:39,052 [INFO] DbBoards:161 - Found 191 boards, 187 are supported
2023-12-10 15:15:39,055 [INFO] ApiDb:423 - Load user favorites file C:\Users\MS/.stm32cubeide/favorites.boards.txt: 0 item(s)
2023-12-10 15:15:39,056 [INFO] ApiDb:427 - User favorites Boards=[]
2023-12-10 15:15:39,056 [INFO] DbBoards:190 - Set 0 / 0 favorites Boards
2023-12-10 15:15:39,058 [INFO] ApiDb:668 - CubeFinder database Data Model version=2.1
2023-12-10 15:15:39,060 [INFO] ApiDb:669 - CubeFinder database Configuration version=3.0.39
2023-12-10 15:15:39,060 [INFO] ApiDb:670 - CubeFinder database generation date=2023-11-06 (1699269565)
2023-12-10 15:15:39,060 [INFO] ApiDb:671 - CubeFinder database FW Pack versions=[FP-ATR-ASTRA1_V2.0.0, FP-SNS-FLIGHT1_V5.0.1, FP-SNS-FLIGHT1_V5.0.2, FP-SNS-MOTENV1_V4.3.1, FP-SNS-MOTENV1_V4.3.2, FP-SNS-MOTENVWB1_V1.3.0, FP-SNS-SMARTAG2_V1.2.0, STM32Cube_FW_C0_V1.1.0, STM32Cube_FW_F4_V1.28.0, STM32Cube_FW_F7_V1.17.0, STM32Cube_FW_G0_V1.6.1, STM32Cube_FW_G4_V1.5.1, STM32Cube_FW_H5_V0.5.1, STM32Cube_FW_H5_V1.1.1, STM32Cube_FW_H5_V1.2.0RC2, STM32Cube_FW_H7_V1.11.0, STM32Cube_FW_L0_V1.12.2, STM32Cube_FW_L5_V1.5.0, STM32Cube_FW_U5_V1.3.0RC4, STM32Cube_FW_U5_V1.4.0, STM32Cube_FW_WBA_V1.0.0RC1, STM32Cube_FW_WBA_V1.1.0RC1, STM32Cube_FW_WBA_V1.2.0, STM32Cube_FW_WBA_V1.2.0RC2, STM32Cube_FW_WB_V1.15.0RC1, STM32Cube_FW_WB_V1.16.0, STM32Cube_FW_WB_V1.16.0RC2, STM32Cube_FW_WB_V1.18.0, STM32Cube_FW_WL_V1.3.0, X-CUBE-ALGOBUILD_V1.3.0, X-CUBE-ALS_V1.0.1, X-CUBE-AZRTOS-F4_V1.1.0, X-CUBE-AZRTOS-F7_V1.1.0, X-CUBE-AZRTOS-G0_V1.1.0, X-CUBE-AZRTOS-G4_V2.0.0, X-CUBE-AZRTOS-H7_V3.1.0, X-CUBE-AZRTOS-L4_V1.0.0, X-CUBE-AZRTOS-L4_V2.0.0, X-CUBE-AZRTOS-L5_V1.1.0, X-CUBE-AZRTOS-WB_V2.0.0, X-CUBE-AZRTOS-WL_V2.0.0, X-CUBE-BLE1_V7.0.0, X-CUBE-BLE2_V3.3.0, X-CUBE-BLEMGR_V2.0.0, X-CUBE-EEPRMA1_V4.1.0, X-CUBE-EEPRMA1_V4.2.0, X-CUBE-FREERTOS_V1.1.0, X-CUBE-GNSS1_V6.0.0, X-CUBE-MEMS1_V10.0.0, X-CUBE-MEMS1_V9.1.0, X-CUBE-MEMS1_V9.4.0, X-CUBE-MEMS1_V9.6.0, X-CUBE-NFC4_V3.0.0, X-CUBE-NFC7_V1.0.1, X-CUBE-SFXS2LP1_V4.0.0, X-CUBE-SUBG2_V5.0.0, X-CUBE-TOF1_V3.3.1]
2023-12-10 15:15:40,071 [ERROR] DbExamplesSqlite:437 - Missing JSON key: board_cpn
2023-12-10 15:15:40,071 [ERROR] DbExamplesSqlite:437 - Missing JSON key: board_cpn
2023-12-10 15:15:40,071 [ERROR] DbExamplesSqlite:437 - Missing JSON key: board_cpn
2023-12-10 15:15:40,072 [ERROR] DbExamplesSqlite:437 - Missing JSON key: board_cpn
2023-12-10 15:15:40,133 [INFO] DbExamplesSqlite:395 - Ignored 55 examples not supported by CubeIDE
2023-12-10 15:15:40,134 [INFO] DbExamplesSqlite:396 - Found 7548 examples active
2023-12-10 15:15:40,134 [INFO] DbExamplesSqlite:397 - Found 848 examples obsolete
2023-12-10 15:15:40,134 [INFO] DbExamplesSqlite:398 - Found 0 examples under development
2023-12-10 15:15:40,134 [INFO] DbExamplesSqlite:399 - Found 8 examples not building
2023-12-10 15:15:40,137 [INFO] DbExamples:125 - Found 7501 examples
2023-12-10 15:15:40,224 [ERROR] DbExamples:208 - Found 247 examples with invalid data (board or MCU)
2023-12-10 15:15:40,224 [INFO] DbExamples:222 - Found 93 boards with related examples
2023-12-10 15:15:40,226 [INFO] DbExamples:235 - Found 79 MCUs with related examples
2023-12-10 15:15:40,247 [INFO] ApiDb:414 - User favorites file not found: C:\Users\MS/.stm32cubeide/favorites.examples.txt
2023-12-10 15:15:40,247 [INFO] DbExamples:250 - Set 0 / 0 favorites Examples
2023-12-10 15:15:42,284 [INFO] McuFinderGlobals:76 - Set McuFinderConnectedMode to true
2023-12-10 15:15:42,299 [INFO] MultiScanPanel:200 - Auto-refresh data requested => check proxy status ongoing
2023-12-10 15:15:42,324 [INFO] FinderPluginLoader:95 - Searching for filters in installed packs
2023-12-10 15:15:45,084 [INFO] LoadUrlFilesThread:185 - End of LoadServerUrlFiles without Thread
2023-12-10 15:15:45,190 [INFO] DetailPanel:341 - Set advertising image to C:/Users/MS/STM32Cube/Repository/\en.prom-stm32wl3-mcu-finder.jpg
2023-12-10 15:17:11,402 [INFO] MultiScanPanel:200 - Auto-refresh data requested => check proxy status ongoing
2023-12-10 15:17:11,568 [INFO] LoadUrlFilesThread:185 - End of LoadServerUrlFiles without Thread
2023-12-10 15:17:11,568 [INFO] DetailPanel:341 - Set advertising image to C:/Users/MS/STM32Cube/Repository/\en.prom-stm32wl3-mcu-finder.jpg
2023-12-10 15:17:11,585 [INFO] DbBoards:634 - Loading board mini-images...
2023-12-10 15:17:13,917 [INFO] DbBoards:657 - Loaded 191 board mini-images
2023-12-10 15:20:05,689 [INFO] BoardResultTable:719 - Mark Board NUCLEO-F446RE as favorite
2023-12-10 15:20:30,569 [INFO] McuFinderGlobals:76 - Set McuFinderConnectedMode to true
2023-12-10 15:20:30,581 [INFO] ApiDb:448 - Save user favorites file C:\Users\MS/.stm32cubeide/favorites.mcus.txt: 1 item(s)
2023-12-10 15:20:30,582 [INFO] ApiDb:452 - User favorites MCUs=[STM32F401VET6]
2023-12-10 15:20:30,586 [INFO] ApiDb:448 - Save user favorites file C:\Users\MS/.stm32cubeide/favorites.boards.txt: 1 item(s)
2023-12-10 15:20:30,587 [INFO] ApiDb:452 - User favorites Boards=[NUCLEO-F446RE]
2023-12-10 15:54:34,851 [INFO] MainUpdater:2868 - connection check result : 10
2023-12-10 15:54:34,950 [INFO] McuFinderGlobals:76 - Set McuFinderConnectedMode to true
2023-12-10 15:54:34,950 [INFO] MultiScanPanel:200 - Auto-refresh data requested => check proxy status ongoing
2023-12-10 15:54:34,950 [INFO] FinderPluginLoader:95 - Searching for filters in installed packs
2023-12-10 15:54:35,941 [INFO] LoadUrlFilesThread:185 - End of LoadServerUrlFiles without Thread
2023-12-10 15:54:35,941 [INFO] DetailPanel:341 - Set advertising image to C:/Users/MS/STM32Cube/Repository/\en.prom-stm32wl3-mcu-finder.jpg
2023-12-10 15:54:45,286 [INFO] ApiDb:581 - Connected to CubeFinder SQLite database (C:\Users\MS\.stmcufinder\plugins\mcufinder\mcu\cube-finder-db.db)
2023-12-10 15:55:14,889 [INFO] McuFinderGlobals:76 - Set McuFinderConnectedMode to true
2023-12-10 15:55:14,895 [INFO] ApiDb:448 - Save user favorites file C:\Users\MS/.stm32cubeide/favorites.mcus.txt: 1 item(s)
2023-12-10 15:55:14,895 [INFO] ApiDb:452 - User favorites MCUs=[STM32F401VET6]
