2023-12-07 18:05:49,896 [INFO] Activator:176 - 


2023-12-07 18:05:49,934 [INFO] Activator:177 - !SESSION log4j initialized
2023-12-07 18:05:57,629 [INFO] LogOutputStream:77 - [STDOUT_REDIRECT] 
2023-12-07 18:06:00,343 [ERROR] LogOutputStream:75 - [STDERR_REDIRECT] Managed Build system manifest file error: Option de.innot.avreclipse.toolchain.options.toolchain.objcopy.flash.app.debug.1532056269 uses a null category that is invalid in its context. The option was ignored.
2023-12-07 18:06:00,348 [ERROR] LogOutputStream:75 - [STDERR_REDIRECT] Managed Build system manifest file error: Option de.innot.avreclipse.toolchain.options.toolchain.objcopy.eeprom.app.debug.75815862 uses a null category that is invalid in its context. The option was ignored.
2023-12-07 18:06:00,354 [ERROR] LogOutputStream:75 - [STDERR_REDIRECT] Managed Build system manifest file error: Option de.innot.avreclipse.toolchain.options.toolchain.objdump.app.debug.1553732937 uses a null category that is invalid in its context. The option was ignored.
2023-12-07 18:06:00,361 [ERROR] LogOutputStream:75 - [STDERR_REDIRECT] Managed Build system manifest file error: Option de.innot.avreclipse.toolchain.options.toolchain.size.app.debug.429261184 uses a null category that is invalid in its context. The option was ignored.
2023-12-07 18:06:00,364 [ERROR] LogOutputStream:75 - [STDERR_REDIRECT] Managed Build system manifest file error: Option de.innot.avreclipse.toolchain.options.toolchain.avrdude.app.debug.1603504531 uses a null category that is invalid in its context. The option was ignored.
2023-12-07 18:06:00,543 [ERROR] LogOutputStream:75 - [STDERR_REDIRECT] Managed Build system manifest file error: Option de.innot.avreclipse.toolchain.options.toolchain.objcopy.flash.app.release.881452463 uses a null category that is invalid in its context. The option was ignored.
2023-12-07 18:06:00,548 [ERROR] LogOutputStream:75 - [STDERR_REDIRECT] Managed Build system manifest file error: Option de.innot.avreclipse.toolchain.options.toolchain.objcopy.eeprom.app.release.543245657 uses a null category that is invalid in its context. The option was ignored.
2023-12-07 18:06:00,552 [ERROR] LogOutputStream:75 - [STDERR_REDIRECT] Managed Build system manifest file error: Option de.innot.avreclipse.toolchain.options.toolchain.objdump.app.release.1025693774 uses a null category that is invalid in its context. The option was ignored.
2023-12-07 18:06:00,556 [ERROR] LogOutputStream:75 - [STDERR_REDIRECT] Managed Build system manifest file error: Option de.innot.avreclipse.toolchain.options.toolchain.size.app.release.287873761 uses a null category that is invalid in its context. The option was ignored.
2023-12-07 18:06:00,559 [ERROR] LogOutputStream:75 - [STDERR_REDIRECT] Managed Build system manifest file error: Option de.innot.avreclipse.toolchain.options.toolchain.avrdude.app.release.1204330148 uses a null category that is invalid in its context. The option was ignored.
2023-12-07 18:06:05,132 [INFO] ApplicationProperties:184 - Using Application install path: C:\ST\STM32CubeIDE_1.13.1\STM32CubeIDE\plugins\com.st.stm32cube.common.mx_6.9.1.202307191849
2023-12-07 18:06:05,207 [INFO] DbMcusXml:78 - Set database path to: C:\ST\STM32CubeIDE_1.13.1\STM32CubeIDE\plugins\com.st.stm32cube.common.mx_6.9.1.202307191849\\db\/mcu/
2023-12-07 18:06:05,208 [INFO] ApiDb:274 - Set plugin database path to: C:\ST\STM32CubeIDE_1.13.1\STM32CubeIDE\plugins\com.st.stm32cube.common.mx_6.9.1.202307191849\\db\/plugins/boardmanager/
2023-12-07 18:06:05,208 [WARN] ApiDb:259 - Overriding images path with different value:  => C:\ST\STM32CubeIDE_1.13.1\STM32CubeIDE\plugins\com.st.stm32cube.common.mx_6.9.1.202307191849\\db\/plugins/mcufinder/images/
2023-12-07 18:06:05,267 [INFO] ApiDb:250 - Set database path to: C:\Users\MS\.stmcufinder\plugins\mcufinder//mcu/
2023-12-07 18:06:05,268 [INFO] DbMcusAds:125 - Set database path to: C:\Users\MS\.stmcufinder\plugins\mcufinder//mcu/
2023-12-07 18:06:05,270 [INFO] CrossReferenceDbSqlite:203 - Set database path to: C:\Users\MS\.stmcufinder\plugins\mcufinder//mcu/cs/
2023-12-07 18:06:05,507 [INFO] RulesReader:64 - Compatibility file has been processed (293 Rules)
2023-12-07 18:06:06,059 [INFO] DbMcusXml:78 - Set database path to: C:\ST\STM32CubeIDE_1.13.1\STM32CubeIDE\plugins\com.st.stm32cube.common.mx_6.9.1.202307191849\\db\/mcu/
2023-12-07 18:06:06,060 [INFO] ApiDb:274 - Set plugin database path to: C:\ST\STM32CubeIDE_1.13.1\STM32CubeIDE\plugins\com.st.stm32cube.common.mx_6.9.1.202307191849\\db\/plugins/boardmanager/
2023-12-07 18:06:06,060 [INFO] ApiDb:261 - Set plugin images path to: C:\ST\STM32CubeIDE_1.13.1\STM32CubeIDE\plugins\com.st.stm32cube.common.mx_6.9.1.202307191849\\db\/plugins/mcufinder/images/
2023-12-07 18:06:06,060 [WARN] DbFile:41 - Overriding database path with different value: C:\Users\MS\.stmcufinder\plugins\mcufinder/ => C:\Users\MS\.stmcufinder\plugins\mcufinder
2023-12-07 18:06:06,060 [INFO] ApiDb:250 - Set database path to: C:\Users\MS\.stmcufinder\plugins\mcufinder//mcu/
2023-12-07 18:06:06,060 [WARN] DbFile:41 - Overriding database path with different value: C:\Users\MS\.stmcufinder\plugins\mcufinder/ => C:\Users\MS\.stmcufinder\plugins\mcufinder
2023-12-07 18:06:06,060 [INFO] DbMcusAds:125 - Set database path to: C:\Users\MS\.stmcufinder\plugins\mcufinder//mcu/
2023-12-07 18:06:06,060 [WARN] DbFile:41 - Overriding database path with different value: C:\Users\MS\.stmcufinder\plugins\mcufinder/ => C:\Users\MS\.stmcufinder\plugins\mcufinder
2023-12-07 18:06:06,061 [WARN] DbFile:41 - Overriding database path with different value: C:\Users\MS\.stmcufinder\plugins\mcufinder/ => C:\Users\MS\.stmcufinder\plugins\mcufinder
2023-12-07 18:06:06,061 [INFO] CrossReferenceDbSqlite:203 - Set database path to: C:\Users\MS\.stmcufinder\plugins\mcufinder//mcu/cs/
2023-12-07 18:06:06,421 [INFO] MainPanel:262 - HeapMemory: 268435456
2023-12-07 18:06:07,355 [INFO] DbMcusXml:78 - Set database path to: C:\ST\STM32CubeIDE_1.13.1\STM32CubeIDE\plugins\com.st.stm32cube.common.mx_6.9.1.202307191849\\db\/mcu/
2023-12-07 18:06:07,356 [INFO] ApiDb:274 - Set plugin database path to: C:\ST\STM32CubeIDE_1.13.1\STM32CubeIDE\plugins\com.st.stm32cube.common.mx_6.9.1.202307191849\\db\/plugins/boardmanager/
2023-12-07 18:06:07,356 [INFO] ApiDb:261 - Set plugin images path to: C:\ST\STM32CubeIDE_1.13.1\STM32CubeIDE\plugins\com.st.stm32cube.common.mx_6.9.1.202307191849\\db\/plugins/mcufinder/images/
2023-12-07 18:06:07,366 [WARN] DbFile:41 - Overriding database path with different value: C:\Users\MS\.stmcufinder\plugins\mcufinder/ => C:\Users\MS\.stmcufinder\plugins\mcufinder
2023-12-07 18:06:07,366 [INFO] ApiDb:250 - Set database path to: C:\Users\MS\.stmcufinder\plugins\mcufinder//mcu/
2023-12-07 18:06:07,366 [WARN] DbFile:41 - Overriding database path with different value: C:\Users\MS\.stmcufinder\plugins\mcufinder/ => C:\Users\MS\.stmcufinder\plugins\mcufinder
2023-12-07 18:06:07,367 [INFO] DbMcusAds:125 - Set database path to: C:\Users\MS\.stmcufinder\plugins\mcufinder//mcu/
2023-12-07 18:06:07,367 [WARN] DbFile:41 - Overriding database path with different value: C:\Users\MS\.stmcufinder\plugins\mcufinder/ => C:\Users\MS\.stmcufinder\plugins\mcufinder
2023-12-07 18:06:07,367 [WARN] DbFile:41 - Overriding database path with different value: C:\Users\MS\.stmcufinder\plugins\mcufinder/ => C:\Users\MS\.stmcufinder\plugins\mcufinder
2023-12-07 18:06:07,367 [INFO] CrossReferenceDbSqlite:203 - Set database path to: C:\Users\MS\.stmcufinder\plugins\mcufinder//mcu/cs/
2023-12-07 18:06:07,505 [INFO] ApplicationProperties:184 - Using Application install path: C:\ST\STM32CubeIDE_1.13.1\STM32CubeIDE\plugins\com.st.stm32cube.common.mx_6.9.1.202307191849
2023-12-07 18:06:07,507 [INFO] PluginManage:196 - Search for loadable plugins [exclusion list=, ]
2023-12-07 18:06:07,519 [INFO] PluginManage:310 - Check plugin analytics
2023-12-07 18:06:08,198 [INFO] AnalyticsPlugin:253 - Accepted Software Licenses: 
2023-12-07 18:06:08,198 [INFO] AnalyticsPlugin:255 - Accepted CMSIS Pack Licenses: 
2023-12-07 18:06:08,198 [INFO] AnalyticsPlugin:257 - Accepted Firmware Licenses: 
2023-12-07 18:06:08,201 [INFO] PluginManage:359 - Loaded plugin analytics (category:tool,tabindex:-1)
2023-12-07 18:06:08,202 [INFO] PluginManage:310 - Check plugin cadmodel
2023-12-07 18:06:08,283 [INFO] CADModel:105 - Init CAD model plugin
2023-12-07 18:06:08,284 [INFO] PluginManage:359 - Loaded plugin cadmodel (category:power,tabindex:5)
2023-12-07 18:06:08,284 [INFO] PluginManage:310 - Check plugin clock
2023-12-07 18:06:08,488 [INFO] PluginManage:359 - Loaded plugin clock (category:base,tabindex:2)
2023-12-07 18:06:08,488 [INFO] PluginManage:310 - Check plugin ddr
2023-12-07 18:06:08,532 [INFO] PluginManage:359 - Loaded plugin ddr (category:tool,tabindex:6)
2023-12-07 18:06:08,533 [INFO] PluginManage:310 - Check plugin filemanager
2023-12-07 18:06:09,250 [INFO] PluginManage:359 - Loaded plugin filemanager (category:base,tabindex:10)
2023-12-07 18:06:09,251 [INFO] PluginManage:310 - Check plugin ipmanager
2023-12-07 18:06:09,327 [INFO] PluginManage:359 - Loaded plugin ipmanager (category:base,tabindex:5)
2023-12-07 18:06:09,327 [INFO] PluginManage:310 - Check plugin lpbam
2023-12-07 18:06:09,530 [INFO] PluginManage:359 - Loaded plugin lpbam (category:base,tabindex:0)
2023-12-07 18:06:09,545 [INFO] PluginManage:310 - Check plugin memorymap
2023-12-07 18:06:09,825 [INFO] PluginManage:359 - Loaded plugin memorymap (category:base,tabindex:4)
2023-12-07 18:06:09,825 [INFO] PluginManage:310 - Check plugin pinoutandconfiguration
2023-12-07 18:06:09,893 [INFO] PluginManage:359 - Loaded plugin pinoutandconfiguration (category:base,tabindex:1)
2023-12-07 18:06:09,893 [INFO] PluginManage:310 - Check plugin pinoutconfig
2023-12-07 18:06:10,349 [WARN] SupportedApi:132 - Cannot load RTOS API schema: s4s-elt-must-match.1: The content of 'definitions' must match (annotation?, (simpleType | complexType)?, (unique | key | keyref)*)). A problem was found starting at: attribute.
2023-12-07 18:06:10,647 [INFO] PluginManage:359 - Loaded plugin pinoutconfig (category:base,tabindex:0)
2023-12-07 18:06:10,647 [INFO] PluginManage:310 - Check plugin power
2023-12-07 18:06:10,816 [INFO] PluginManage:359 - Loaded plugin power (category:power,tabindex:4)
2023-12-07 18:06:10,816 [INFO] PluginManage:310 - Check plugin projectmanager
2023-12-07 18:06:10,856 [INFO] PluginManage:359 - Loaded plugin projectmanager (category:projectmanager,tabindex:3)
2023-12-07 18:06:10,857 [INFO] PluginManage:310 - Check plugin thirdparty
2023-12-07 18:06:11,686 [INFO] PluginManage:359 - Loaded plugin thirdparty (category:base,tabindex:-1)
2023-12-07 18:06:11,686 [WARN] IntegrityCheckThread:84 - waiting for thirdparty lock release [integrity check]
2023-12-07 18:06:11,686 [INFO] PluginManage:310 - Check plugin tools
2023-12-07 18:06:11,687 [INFO] IntegrityCheckThread:86 - entering critical section [integrity check]
2023-12-07 18:06:11,687 [INFO] ThirdPartyUpdaterWithRetryManager:70 - Updater plugin not ready yet. [1/15]
2023-12-07 18:06:11,737 [INFO] PluginManage:359 - Loaded plugin tools (category:base,tabindex:7)
2023-12-07 18:06:11,737 [INFO] PluginManage:310 - Check plugin tutovideos
2023-12-07 18:06:12,084 [INFO] PluginManage:359 - Loaded plugin tutovideos (category:base,tabindex:-1)
2023-12-07 18:06:12,084 [INFO] PluginManage:310 - Check plugin updater
2023-12-07 18:06:12,157 [INFO] PluginManage:359 - Loaded plugin updater (category:base,tabindex:12)
2023-12-07 18:06:12,157 [INFO] PluginManage:310 - Check plugin userauth
2023-12-07 18:06:12,196 [INFO] UserAuth:113 - Init User Auth plugin
2023-12-07 18:06:12,197 [INFO] PluginManage:359 - Loaded plugin userauth (category:base,tabindex:14)
2023-12-07 18:06:12,197 [INFO] PluginManage:283 - PluginManage : Loaded plugins [17]
2023-12-07 18:06:12,898 [INFO] PinOutPanel:1499 - setPackage(No Configuration,No Configuration)
2023-12-07 18:06:13,245 [INFO] CADModel:165 - CPN selected for project level
2023-12-07 18:06:13,245 [INFO] CADModel:114 - Register for checkConnection events
2023-12-07 18:06:13,363 [INFO] IPUIPlugin:80 - create IPUIPlugin
2023-12-07 18:06:13,363 [INFO] PluginManager:220 - loadIPPluginJar : add adc
2023-12-07 18:06:13,416 [INFO] IPUIPlugin:80 - create IPUIPlugin
2023-12-07 18:06:13,416 [INFO] PluginManager:220 - loadIPPluginJar : add aes
2023-12-07 18:06:13,492 [INFO] IPUIPlugin:80 - create IPUIPlugin
2023-12-07 18:06:13,492 [INFO] PluginManager:220 - loadIPPluginJar : add can
2023-12-07 18:06:13,660 [INFO] IPUIPlugin:80 - create IPUIPlugin
2023-12-07 18:06:13,660 [INFO] PluginManager:220 - loadIPPluginJar : add comp
2023-12-07 18:06:13,695 [INFO] IPUIPlugin:80 - create IPUIPlugin
2023-12-07 18:06:13,695 [INFO] PluginManager:220 - loadIPPluginJar : add cryp
2023-12-07 18:06:13,744 [INFO] IPUIPlugin:80 - create IPUIPlugin
2023-12-07 18:06:13,745 [INFO] PluginManager:220 - loadIPPluginJar : add dfsdm
2023-12-07 18:06:13,784 [INFO] IPUIPlugin:80 - create IPUIPlugin
2023-12-07 18:06:13,797 [INFO] PluginManager:220 - loadIPPluginJar : add dma
2023-12-07 18:06:13,841 [INFO] IPUIPlugin:80 - create IPUIPlugin
2023-12-07 18:06:13,841 [INFO] PluginManager:220 - loadIPPluginJar : add dma3
2023-12-07 18:06:13,871 [INFO] IPUIPlugin:80 - create IPUIPlugin
2023-12-07 18:06:13,871 [INFO] PluginManager:220 - loadIPPluginJar : add fatfs
2023-12-07 18:06:13,935 [INFO] IPUIPlugin:80 - create IPUIPlugin
2023-12-07 18:06:13,935 [INFO] PluginManager:220 - loadIPPluginJar : add fmc
2023-12-07 18:06:13,987 [INFO] IPUIPlugin:80 - create IPUIPlugin
2023-12-07 18:06:13,988 [INFO] PluginManager:220 - loadIPPluginJar : add freertos
2023-12-07 18:06:14,023 [INFO] IPUIPlugin:80 - create IPUIPlugin
2023-12-07 18:06:14,023 [INFO] PluginManager:220 - loadIPPluginJar : add genericplugin
2023-12-07 18:06:14,140 [INFO] IPUIPlugin:80 - create IPUIPlugin
2023-12-07 18:06:14,140 [INFO] PluginManager:220 - loadIPPluginJar : add gfxmmu
2023-12-07 18:06:14,296 [INFO] IPUIPlugin:80 - create IPUIPlugin
2023-12-07 18:06:14,296 [INFO] PluginManager:220 - loadIPPluginJar : add gic
2023-12-07 18:06:14,316 [INFO] IPUIPlugin:80 - create IPUIPlugin
2023-12-07 18:06:14,317 [INFO] PluginManager:220 - loadIPPluginJar : add gpio
2023-12-07 18:06:14,416 [INFO] IPUIPlugin:80 - create IPUIPlugin
2023-12-07 18:06:14,416 [INFO] PluginManager:220 - loadIPPluginJar : add gtzc
2023-12-07 18:06:14,460 [INFO] IPUIPlugin:80 - create IPUIPlugin
2023-12-07 18:06:14,461 [INFO] PluginManager:220 - loadIPPluginJar : add hash
2023-12-07 18:06:14,525 [INFO] IPUIPlugin:80 - create IPUIPlugin
2023-12-07 18:06:14,525 [INFO] PluginManager:220 - loadIPPluginJar : add i2c
2023-12-07 18:06:14,570 [INFO] IPUIPlugin:80 - create IPUIPlugin
2023-12-07 18:06:14,571 [INFO] PluginManager:220 - loadIPPluginJar : add i2s
2023-12-07 18:06:14,625 [INFO] IPUIPlugin:80 - create IPUIPlugin
2023-12-07 18:06:14,625 [INFO] PluginManager:220 - loadIPPluginJar : add i3c
2023-12-07 18:06:14,691 [INFO] ThirdPartyUpdaterWithRetryManager:70 - Updater plugin not ready yet. [2/15]
2023-12-07 18:06:14,758 [INFO] IPUIPlugin:80 - create IPUIPlugin
2023-12-07 18:06:14,758 [INFO] PluginManager:220 - loadIPPluginJar : add ipddr
2023-12-07 18:06:14,884 [INFO] IPUIPlugin:80 - create IPUIPlugin
2023-12-07 18:06:14,884 [INFO] PluginManager:220 - loadIPPluginJar : add linkedlist
2023-12-07 18:06:14,931 [INFO] IPUIPlugin:80 - create IPUIPlugin
2023-12-07 18:06:14,931 [INFO] PluginManager:220 - loadIPPluginJar : add lorawan
2023-12-07 18:06:14,969 [INFO] IPUIPlugin:80 - create IPUIPlugin
2023-12-07 18:06:14,969 [INFO] PluginManager:220 - loadIPPluginJar : add ltdc
2023-12-07 18:06:15,012 [INFO] IPUIPlugin:80 - create IPUIPlugin
2023-12-07 18:06:15,012 [INFO] PluginManager:220 - loadIPPluginJar : add mdma
2023-12-07 18:06:15,035 [INFO] IPUIPlugin:80 - create IPUIPlugin
2023-12-07 18:06:15,036 [INFO] PluginManager:220 - loadIPPluginJar : add nvic
2023-12-07 18:06:15,071 [INFO] IPUIPlugin:80 - create IPUIPlugin
2023-12-07 18:06:15,071 [INFO] PluginManager:220 - loadIPPluginJar : add opamp
2023-12-07 18:06:15,147 [INFO] IPUIPlugin:80 - create IPUIPlugin
2023-12-07 18:06:15,147 [INFO] PluginManager:220 - loadIPPluginJar : add openamp
2023-12-07 18:06:15,198 [INFO] IPUIPlugin:80 - create IPUIPlugin
2023-12-07 18:06:15,198 [INFO] PluginManager:220 - loadIPPluginJar : add pdm2pcm
2023-12-07 18:06:15,229 [INFO] IPUIPlugin:80 - create IPUIPlugin
2023-12-07 18:06:15,231 [INFO] PluginManager:220 - loadIPPluginJar : add plateformsettings
2023-12-07 18:06:15,267 [INFO] IPUIPlugin:80 - create IPUIPlugin
2023-12-07 18:06:15,267 [INFO] PluginManager:220 - loadIPPluginJar : add quadspi
2023-12-07 18:06:15,291 [INFO] IPUIPlugin:80 - create IPUIPlugin
2023-12-07 18:06:15,291 [INFO] PluginManager:220 - loadIPPluginJar : add resmgrutility
2023-12-07 18:06:15,360 [INFO] IPUIPlugin:80 - create IPUIPlugin
2023-12-07 18:06:15,360 [INFO] PluginManager:220 - loadIPPluginJar : add sai
2023-12-07 18:06:15,397 [INFO] IPUIPlugin:80 - create IPUIPlugin
2023-12-07 18:06:15,397 [INFO] PluginManager:220 - loadIPPluginJar : add spi
2023-12-07 18:06:15,482 [INFO] IPUIPlugin:80 - create IPUIPlugin
2023-12-07 18:06:15,482 [INFO] PluginManager:220 - loadIPPluginJar : add stm32_wpan
2023-12-07 18:06:15,504 [INFO] IPUIPlugin:80 - create IPUIPlugin
2023-12-07 18:06:15,505 [INFO] PluginManager:220 - loadIPPluginJar : add tim
2023-12-07 18:06:15,567 [INFO] IPUIPlugin:80 - create IPUIPlugin
2023-12-07 18:06:15,567 [INFO] PluginManager:220 - loadIPPluginJar : add touchsensing
2023-12-07 18:06:15,589 [INFO] IPUIPlugin:80 - create IPUIPlugin
2023-12-07 18:06:15,590 [INFO] PluginManager:220 - loadIPPluginJar : add tracer_emb
2023-12-07 18:06:15,619 [INFO] IPUIPlugin:80 - create IPUIPlugin
2023-12-07 18:06:15,619 [INFO] PluginManager:220 - loadIPPluginJar : add ts
2023-12-07 18:06:15,640 [INFO] IPUIPlugin:80 - create IPUIPlugin
2023-12-07 18:06:15,640 [INFO] PluginManager:220 - loadIPPluginJar : add tsc
2023-12-07 18:06:15,662 [INFO] IPUIPlugin:80 - create IPUIPlugin
2023-12-07 18:06:15,662 [INFO] PluginManager:220 - loadIPPluginJar : add ucpd
2023-12-07 18:06:15,746 [INFO] IPUIPlugin:80 - create IPUIPlugin
2023-12-07 18:06:15,746 [INFO] PluginManager:220 - loadIPPluginJar : add usart
2023-12-07 18:06:15,812 [INFO] IPUIPlugin:80 - create IPUIPlugin
2023-12-07 18:06:15,812 [INFO] PluginManager:220 - loadIPPluginJar : add usbx
2023-12-07 18:06:15,985 [INFO] CADModel:165 - CPN selected for project level
2023-12-07 18:06:15,985 [INFO] CADModel:114 - Register for checkConnection events
2023-12-07 18:06:15,985 [FATAL] Updater:308 - Updater called before beeing initialized
2023-12-07 18:06:15,985 [ERROR] CADModel:125 - Updater not yet initialized, retry later 
2023-12-07 18:06:16,443 [INFO] CADModel:165 - CPN selected for project level
2023-12-07 18:06:16,443 [INFO] CADModel:114 - Register for checkConnection events
2023-12-07 18:06:16,443 [FATAL] Updater:308 - Updater called before beeing initialized
2023-12-07 18:06:16,443 [ERROR] CADModel:125 - Updater not yet initialized, retry later 
2023-12-07 18:06:16,461 [FATAL] Updater:308 - Updater called before beeing initialized
2023-12-07 18:06:16,636 [FATAL] Updater:308 - Updater called before beeing initialized
2023-12-07 18:06:16,649 [INFO] DbMcusAds:53 - JSON generation date=Tue Mar 07 10:50:55 EET 2023 (1678179055335)
2023-12-07 18:06:16,649 [FATAL] Updater:308 - Updater called before beeing initialized
2023-12-07 18:06:16,813 [WARN] DetailPanel:346 - Failed to get advertising image, set to default
2023-12-07 18:06:16,931 [FATAL] Updater:308 - Updater called before beeing initialized
2023-12-07 18:06:16,959 [FATAL] Updater:308 - Updater called before beeing initialized
2023-12-07 18:06:16,959 [FATAL] Updater:308 - Updater called before beeing initialized
2023-12-07 18:06:16,959 [WARN] DetailPanel:346 - Failed to get advertising image, set to default
2023-12-07 18:06:16,961 [FATAL] Updater:308 - Updater called before beeing initialized
2023-12-07 18:06:17,077 [ERROR] Updater:1120 - MainUpdater not yet initialized. External WinMGr cannot be set.
2023-12-07 18:06:17,208 [INFO] Updater:1056 - Updater Version found : 6.9.1
2023-12-07 18:06:17,287 [INFO] ApplicationProperties:184 - Using Application install path: C:\ST\STM32CubeIDE_1.13.1\STM32CubeIDE\plugins\com.st.stm32cube.common.mx_6.9.1.202307191849
2023-12-07 18:06:17,691 [INFO] ThirdPartyUpdaterWithRetryManager:70 - Updater plugin not ready yet. [3/15]
2023-12-07 18:06:18,002 [INFO] MainUpdater:2868 - connection check result : 10
2023-12-07 18:06:18,003 [INFO] MainUpdater:285 - Updater Check For Update Now.
2023-12-07 18:06:18,003 [INFO] MicroXplorer:498 - Change Database Version : DB.6.0.91
2023-12-07 18:06:18,032 [INFO] McuFinderGlobals:63 - Set McuFinder mode to 2 (CubeIDE integrated)
2023-12-07 18:06:18,441 [INFO] CheckServerUpdateThread:120 - End of CheckServer Thread
2023-12-07 18:06:20,990 [WARN] PackLoader:240 - Cannot read IP mode file for STMicroelectronics.X-CUBE-SMBUS.2.1.0
2023-12-07 18:06:21,112 [WARN] PackLoader:240 - Cannot read IP mode file for STMicroelectronics.X-CUBE-AZRTOS-F7.1.1.0
2023-12-07 18:06:21,150 [WARN] PackLoader:240 - Cannot read IP mode file for STMicroelectronics.FP-SNS-MOTENV1.4.3.2
2023-12-07 18:06:21,173 [WARN] PackLoader:240 - Cannot read IP mode file for STMicroelectronics.FP-SNS-FLIGHT1.5.0.2
2023-12-07 18:06:21,205 [WARN] PackLoader:240 - Cannot read IP mode file for STMicroelectronics.X-CUBE-DISPLAY.3.0.0
2023-12-07 18:06:21,249 [WARN] PackLoader:240 - Cannot read IP mode file for STMicroelectronics.X-CUBE-BLE1.7.0.0
2023-12-07 18:06:21,308 [WARN] PackLoader:240 - Cannot read IP mode file for emotas.I-CUBE-CANOPEN.1.3.0
2023-12-07 18:06:21,354 [WARN] PackLoader:240 - Cannot read IP mode file for STMicroelectronics.X-CUBE-TOUCHGFX.4.22.0
2023-12-07 18:06:21,385 [WARN] PackLoader:240 - Cannot read IP mode file for STMicroelectronics.X-CUBE-TOUCHGFX.4.22.1
2023-12-07 18:06:21,414 [WARN] PackLoader:240 - Cannot read IP mode file for STMicroelectronics.FP-SNS-SMARTAG2.1.2.0
2023-12-07 18:06:21,462 [INFO] LogOutputStream:77 - [STDOUT_REDIRECT] 1 : Invalid condition id : UX_CORESTACK_Condition cause : null
2023-12-07 18:06:21,462 [INFO] LogOutputStream:77 - [STDOUT_REDIRECT] 1 : Invalid condition id : UX_CORESTACK_Condition cause : null
2023-12-07 18:06:21,464 [INFO] LogOutputStream:77 - [STDOUT_REDIRECT] 1 : Invalid condition id : UX_CORESTACK_Condition cause : null
2023-12-07 18:06:21,465 [INFO] LogOutputStream:77 - [STDOUT_REDIRECT] 1 : Invalid condition id : UX_CORESTACK_Condition cause : null
2023-12-07 18:06:21,466 [INFO] LogOutputStream:77 - [STDOUT_REDIRECT] 1 : Invalid condition id : UX_CORESTACK_Condition cause : null
2023-12-07 18:06:21,470 [WARN] PackLoader:240 - Cannot read IP mode file for STMicroelectronics.X-CUBE-AZRTOS-WL.2.0.0
2023-12-07 18:06:21,513 [WARN] PackLoader:240 - Cannot read IP mode file for WES.I-CUBE-Cesium.1.3.0
2023-12-07 18:06:21,689 [WARN] PackLoader:240 - Cannot read IP mode file for STMicroelectronics.X-CUBE-BLE2.3.3.0
2023-12-07 18:06:21,717 [WARN] PackLoader:240 - Cannot read IP mode file for STMicroelectronics.X-CUBE-ALGOBUILD.1.3.0
2023-12-07 18:06:21,771 [WARN] PackLoader:240 - Cannot read IP mode file for STMicroelectronics.X-CUBE-AZRTOS-G0.1.1.0
2023-12-07 18:06:21,804 [WARN] PackLoader:240 - Cannot read IP mode file for STMicroelectronics.X-CUBE-NFC4.3.0.0
2023-12-07 18:06:21,830 [WARN] PackLoader:240 - Cannot read IP mode file for STMicroelectronics.X-CUBE-BLEMGR.3.0.0
2023-12-07 18:06:21,861 [WARN] PackLoader:240 - Cannot read IP mode file for STMicroelectronics.FP-ATR-SIGFOX1.3.2.0
2023-12-07 18:06:21,913 [WARN] PackLoader:240 - Cannot read IP mode file for SEGGER.I-CUBE-embOS.1.3.1
2023-12-07 18:06:21,982 [WARN] PackLoader:240 - Cannot read IP mode file for STMicroelectronics.X-CUBE-GNSS1.6.0.0
2023-12-07 18:06:22,036 [WARN] PackLoader:240 - Cannot read IP mode file for STMicroelectronics.X-CUBE-AZRTOS-F4.1.1.0
2023-12-07 18:06:22,067 [WARN] PackLoader:240 - Cannot read IP mode file for wolfSSL.I-CUBE-wolfSSL.5.6.3
2023-12-07 18:06:22,109 [WARN] PackLoader:240 - Cannot read IP mode file for STMicroelectronics.X-CUBE-AZRTOS-L5.2.0.0
2023-12-07 18:06:22,196 [WARN] PackLoader:240 - Cannot read IP mode file for STMicroelectronics.X-CUBE-MEMS1.9.6.0
2023-12-07 18:06:22,380 [WARN] PackLoader:240 - Cannot read IP mode file for STMicroelectronics.X-CUBE-EEPRMA1.4.2.0
2023-12-07 18:06:22,407 [WARN] PackLoader:240 - Cannot read IP mode file for ITTIA_DB.I-CUBE-ITTIADB.8.8.0
2023-12-07 18:06:22,434 [WARN] PackLoader:240 - Cannot read IP mode file for STMicroelectronics.X-CUBE-BLEMGR.2.0.0
2023-12-07 18:06:22,490 [WARN] ConditionMgr:438 - getConditionDescription Invalid condition id : UX DEVICE CLASS RTOS Condition cause : null
2023-12-07 18:06:22,490 [WARN] ConditionMgr:438 - getConditionDescription Invalid condition id : UX DEVICE CLASS RTOS Condition cause : null
2023-12-07 18:06:22,493 [WARN] PackLoader:240 - Cannot read IP mode file for STMicroelectronics.X-CUBE-AZRTOS-H7.3.1.0
2023-12-07 18:06:22,494 [WARN] ConditionMgr:1039 - genDependencies : Invalid condition id : UX DEVICE CLASS RTOS Condition cause : null
2023-12-07 18:06:22,494 [WARN] ConditionMgr:1039 - genDependencies : Invalid condition id : UX DEVICE CLASS RTOS Condition cause : null
2023-12-07 18:06:22,495 [WARN] ConditionMgr:1039 - genDependencies : Invalid condition id : UX DEVICE CLASS RTOS Condition cause : null
2023-12-07 18:06:22,495 [WARN] ConditionMgr:1039 - genDependencies : Invalid condition id : UX DEVICE CLASS RTOS Condition cause : null
2023-12-07 18:06:22,495 [WARN] ConditionMgr:1039 - genDependencies : Invalid condition id : UX DEVICE CLASS RTOS Condition cause : null
2023-12-07 18:06:22,525 [WARN] PackLoader:240 - Cannot read IP mode file for STMicroelectronics.X-CUBE-NFC7.1.0.1
2023-12-07 18:06:22,560 [WARN] PackLoader:240 - Cannot read IP mode file for STMicroelectronics.X-CUBE-NFC6.3.0.0
2023-12-07 18:06:22,592 [WARN] PackLoader:240 - Cannot read IP mode file for STMicroelectronics.X-CUBE-EEPRMA1.4.1.0
2023-12-07 18:06:22,613 [WARN] PackLoader:240 - Cannot read IP mode file for STMicroelectronics.X-CUBE-AI.8.1.0
2023-12-07 18:06:22,661 [WARN] ConditionMgr:438 - getConditionDescription Invalid condition id : LAN8742 Phy interface Condition cause : null
2023-12-07 18:06:22,662 [WARN] PackLoader:240 - Cannot read IP mode file for STMicroelectronics.X-CUBE-AZRTOS-L4.2.0.0
2023-12-07 18:06:22,663 [WARN] ConditionMgr:1039 - genDependencies : Invalid condition id : LAN8742 Phy interface Condition cause : null
2023-12-07 18:06:22,664 [WARN] ConditionMgr:1039 - genDependencies : Invalid condition id : LAN8742 Phy interface Condition cause : null
2023-12-07 18:06:22,664 [WARN] ConditionMgr:1039 - genDependencies : Invalid condition id : LAN8742 Phy interface Condition cause : null
2023-12-07 18:06:22,694 [WARN] PackLoader:240 - Cannot read IP mode file for STMicroelectronics.X-CUBE-SFXS2LP1.4.0.0
2023-12-07 18:06:22,809 [WARN] PackLoader:240 - Cannot read IP mode file for STMicroelectronics.X-CUBE-ISPU.1.1.0
2023-12-07 18:06:22,854 [WARN] ConditionMgr:438 - getConditionDescription Invalid condition id : UX DEVICE CLASS RTOS Condition cause : null
2023-12-07 18:06:22,854 [WARN] ConditionMgr:438 - getConditionDescription Invalid condition id : UX DEVICE CLASS RTOS Condition cause : null
2023-12-07 18:06:22,856 [WARN] PackLoader:240 - Cannot read IP mode file for STMicroelectronics.X-CUBE-AZRTOS-WB.2.0.0
2023-12-07 18:06:22,857 [WARN] ConditionMgr:1039 - genDependencies : Invalid condition id : UX DEVICE CLASS RTOS Condition cause : null
2023-12-07 18:06:22,857 [WARN] ConditionMgr:1039 - genDependencies : Invalid condition id : UX DEVICE CLASS RTOS Condition cause : null
2023-12-07 18:06:22,857 [WARN] ConditionMgr:1039 - genDependencies : Invalid condition id : UX DEVICE CLASS RTOS Condition cause : null
2023-12-07 18:06:22,858 [WARN] ConditionMgr:1039 - genDependencies : Invalid condition id : UX DEVICE CLASS RTOS Condition cause : null
2023-12-07 18:06:22,858 [WARN] ConditionMgr:1039 - genDependencies : Invalid condition id : UX DEVICE CLASS RTOS Condition cause : null
2023-12-07 18:06:22,891 [WARN] PackLoader:240 - Cannot read IP mode file for STMicroelectronics.X-CUBE-FREERTOS.1.0.1
2023-12-07 18:06:22,931 [WARN] PackLoader:240 - Cannot read IP mode file for STMicroelectronics.X-CUBE-SUBG2.5.0.0
2023-12-07 18:06:22,963 [WARN] PackLoader:240 - Cannot read IP mode file for STMicroelectronics.X-CUBE-TOF1.3.3.1
2023-12-07 18:06:23,081 [WARN] PackLoader:240 - Cannot read IP mode file for STMicroelectronics.X-CUBE-AZRTOS-G4.2.0.0
2023-12-07 18:06:23,199 [WARN] PackLoader:240 - Cannot read IP mode file for Infineon.AIROC-Wi-Fi-Bluetooth-STM32.1.5.1
2023-12-07 18:06:23,227 [WARN] PackLoader:240 - Cannot read IP mode file for STMicroelectronics.FP-SNS-MOTENVWB1.1.3.0
2023-12-07 18:06:23,251 [WARN] PackLoader:240 - Cannot read IP mode file for STMicroelectronics.FP-SNS-MOTENVWB1.1.3.1
2023-12-07 18:06:23,343 [WARN] PackLoader:240 - Cannot read IP mode file for STMicroelectronics.X-CUBE-MEMS1.10.0.0
2023-12-07 18:06:23,478 [WARN] PackLoader:240 - Cannot read IP mode file for STMicroelectronics.X-CUBE-FREERTOS.1.1.0
2023-12-07 18:06:23,511 [WARN] PackLoader:240 - Cannot read IP mode file for portGmbH.I-Cube-SoM-uGOAL.1.1.0
2023-12-07 18:06:23,543 [WARN] PackLoader:240 - Cannot read IP mode file for STMicroelectronics.X-CUBE-ALS.1.0.1
2023-12-07 18:06:23,571 [WARN] PackLoader:240 - Cannot read IP mode file for STMicroelectronics.FP-ATR-ASTRA1.2.0.0
2023-12-07 18:06:23,615 [WARN] PackLoader:240 - Cannot read IP mode file for STMicroelectronics.X-CUBE-TOF1.3.4.0
2023-12-07 18:06:23,630 [INFO] ThirdParty:978 - Integrity check success = true
2023-12-07 18:06:23,630 [INFO] IntegrityCheckThread:100 - exiting critical section [integrity check]
2023-12-07 18:06:23,630 [INFO] IntegrityCheckThread:103 - End integrity checks thread
2023-12-07 18:06:39,573 [ERROR] LogOutputStream:75 - [STDERR_REDIRECT] SLF4J: Failed to load class "org.slf4j.impl.StaticLoggerBinder".
2023-12-07 18:06:39,573 [ERROR] LogOutputStream:75 - [STDERR_REDIRECT] SLF4J: Defaulting to no-operation (NOP) logger implementation
2023-12-07 18:06:39,575 [ERROR] LogOutputStream:75 - [STDERR_REDIRECT] SLF4J: See http://www.slf4j.org/codes.html#StaticLoggerBinder for further details.
